{"E:\\Election Assistant\\src\\App.jsx": {"path":"E:\\Election Assistant\\src\\App.jsx","statementMap":{"0":{"start":{"line":13,"column":10},"end":{"line":13,"column":29}},"1":{"start":{"line":14,"column":25},"end":{"line":14,"column":61}},"2":{"start":{"line":15,"column":22},"end":{"line":15,"column":56}},"3":{"start":{"line":17,"column":2},"end":{"line":31,"column":null}},"4":{"start":{"line":18,"column":10},"end":{"line":18,"column":60}},"5":{"start":{"line":18,"column":37},"end":{"line":18,"column":60}},"6":{"start":{"line":19,"column":10},"end":{"line":19,"column":61}},"7":{"start":{"line":19,"column":39},"end":{"line":19,"column":61}},"8":{"start":{"line":20,"column":10},"end":{"line":20,"column":61}},"9":{"start":{"line":20,"column":39},"end":{"line":20,"column":61}},"10":{"start":{"line":22,"column":4},"end":{"line":22,"column":null}},"11":{"start":{"line":23,"column":4},"end":{"line":23,"column":null}},"12":{"start":{"line":24,"column":4},"end":{"line":24,"column":null}},"13":{"start":{"line":26,"column":4},"end":{"line":29,"column":null}},"14":{"start":{"line":27,"column":6},"end":{"line":27,"column":null}},"15":{"start":{"line":28,"column":6},"end":{"line":28,"column":null}},"16":{"start":{"line":29,"column":6},"end":{"line":29,"column":null}},"17":{"start":{"line":33,"column":2},"end":{"line":150,"column":null}},"18":{"start":{"line":45,"column":31},"end":{"line":45,"column":53}},"19":{"start":{"line":49,"column":34},"end":{"line":49,"column":77}},"20":{"start":{"line":55,"column":94},"end":{"line":55,"column":116}},"21":{"start":{"line":83,"column":33},"end":{"line":83,"column":55}},"22":{"start":{"line":90,"column":33},"end":{"line":90,"column":60}},"23":{"start":{"line":97,"column":33},"end":{"line":97,"column":59}},"24":{"start":{"line":104,"column":33},"end":{"line":104,"column":54}},"25":{"start":{"line":111,"column":33},"end":{"line":111,"column":55}},"26":{"start":{"line":140,"column":29},"end":{"line":140,"column":53}}},"fnMap":{"0":{"name":"App","decl":{"start":{"line":12,"column":9},"end":{"line":12,"column":15}},"loc":{"start":{"line":12,"column":15},"end":{"line":150,"column":null}},"line":12},"1":{"name":"(anonymous_1)","decl":{"start":{"line":17,"column":2},"end":{"line":17,"column":18}},"loc":{"start":{"line":17,"column":18},"end":{"line":31,"column":7}},"line":17},"2":{"name":"(anonymous_2)","decl":{"start":{"line":18,"column":10},"end":{"line":18,"column":37}},"loc":{"start":{"line":18,"column":37},"end":{"line":18,"column":60}},"line":18},"3":{"name":"(anonymous_3)","decl":{"start":{"line":19,"column":10},"end":{"line":19,"column":39}},"loc":{"start":{"line":19,"column":39},"end":{"line":19,"column":61}},"line":19},"4":{"name":"(anonymous_4)","decl":{"start":{"line":20,"column":10},"end":{"line":20,"column":39}},"loc":{"start":{"line":20,"column":39},"end":{"line":20,"column":61}},"line":20},"5":{"name":"(anonymous_5)","decl":{"start":{"line":26,"column":4},"end":{"line":26,"column":17}},"loc":{"start":{"line":26,"column":17},"end":{"line":29,"column":null}},"line":26},"6":{"name":"(anonymous_6)","decl":{"start":{"line":45,"column":16},"end":{"line":45,"column":31}},"loc":{"start":{"line":45,"column":31},"end":{"line":45,"column":53}},"line":45},"7":{"name":"(anonymous_7)","decl":{"start":{"line":49,"column":16},"end":{"line":49,"column":28}},"loc":{"start":{"line":49,"column":34},"end":{"line":49,"column":77}},"line":49},"8":{"name":"(anonymous_8)","decl":{"start":{"line":55,"column":79},"end":{"line":55,"column":94}},"loc":{"start":{"line":55,"column":94},"end":{"line":55,"column":116}},"line":55},"9":{"name":"(anonymous_9)","decl":{"start":{"line":83,"column":18},"end":{"line":83,"column":33}},"loc":{"start":{"line":83,"column":33},"end":{"line":83,"column":55}},"line":83},"10":{"name":"(anonymous_10)","decl":{"start":{"line":90,"column":18},"end":{"line":90,"column":33}},"loc":{"start":{"line":90,"column":33},"end":{"line":90,"column":60}},"line":90},"11":{"name":"(anonymous_11)","decl":{"start":{"line":97,"column":18},"end":{"line":97,"column":33}},"loc":{"start":{"line":97,"column":33},"end":{"line":97,"column":59}},"line":97},"12":{"name":"(anonymous_12)","decl":{"start":{"line":104,"column":18},"end":{"line":104,"column":33}},"loc":{"start":{"line":104,"column":33},"end":{"line":104,"column":54}},"line":104},"13":{"name":"(anonymous_13)","decl":{"start":{"line":111,"column":18},"end":{"line":111,"column":33}},"loc":{"start":{"line":111,"column":33},"end":{"line":111,"column":55}},"line":111},"14":{"name":"(anonymous_14)","decl":{"start":{"line":140,"column":14},"end":{"line":140,"column":29}},"loc":{"start":{"line":140,"column":29},"end":{"line":140,"column":53}},"line":140}},"branchMap":{"0":{"loc":{"start":{"line":49,"column":34},"end":{"line":49,"column":77}},"type":"binary-expr","locations":[{"start":{"line":49,"column":34},"end":{"line":49,"column":55}},{"start":{"line":49,"column":55},"end":{"line":49,"column":77}}],"line":49},"1":{"loc":{"start":{"line":68,"column":13},"end":{"line":68,"column":null}},"type":"binary-expr","locations":[{"start":{"line":68,"column":13},"end":{"line":68,"column":39}},{"start":{"line":68,"column":39},"end":{"line":68,"column":null}}],"line":68},"2":{"loc":{"start":{"line":69,"column":13},"end":{"line":69,"column":null}},"type":"binary-expr","locations":[{"start":{"line":69,"column":13},"end":{"line":69,"column":39}},{"start":{"line":69,"column":39},"end":{"line":69,"column":null}}],"line":69},"3":{"loc":{"start":{"line":70,"column":13},"end":{"line":70,"column":null}},"type":"binary-expr","locations":[{"start":{"line":70,"column":13},"end":{"line":70,"column":38}},{"start":{"line":70,"column":38},"end":{"line":70,"column":null}}],"line":70},"4":{"loc":{"start":{"line":71,"column":13},"end":{"line":71,"column":null}},"type":"binary-expr","locations":[{"start":{"line":71,"column":13},"end":{"line":71,"column":44}},{"start":{"line":71,"column":44},"end":{"line":71,"column":null}}],"line":71},"5":{"loc":{"start":{"line":72,"column":13},"end":{"line":72,"column":null}},"type":"binary-expr","locations":[{"start":{"line":72,"column":13},"end":{"line":72,"column":43}},{"start":{"line":72,"column":43},"end":{"line":72,"column":null}}],"line":72},"6":{"loc":{"start":{"line":84,"column":124},"end":{"line":84,"column":null}},"type":"cond-expr","locations":[{"start":{"line":84,"column":149},"end":{"line":84,"column":183}},{"start":{"line":84,"column":183},"end":{"line":84,"column":null}}],"line":84},"7":{"loc":{"start":{"line":85,"column":32},"end":{"line":85,"column":null}},"type":"cond-expr","locations":[{"start":{"line":85,"column":57},"end":{"line":85,"column":66}},{"start":{"line":85,"column":66},"end":{"line":85,"column":null}}],"line":85},"8":{"loc":{"start":{"line":91,"column":124},"end":{"line":91,"column":null}},"type":"cond-expr","locations":[{"start":{"line":91,"column":154},"end":{"line":91,"column":184}},{"start":{"line":91,"column":184},"end":{"line":91,"column":null}}],"line":91},"9":{"loc":{"start":{"line":92,"column":32},"end":{"line":92,"column":null}},"type":"cond-expr","locations":[{"start":{"line":92,"column":62},"end":{"line":92,"column":71}},{"start":{"line":92,"column":71},"end":{"line":92,"column":null}}],"line":92},"10":{"loc":{"start":{"line":98,"column":124},"end":{"line":98,"column":null}},"type":"cond-expr","locations":[{"start":{"line":98,"column":153},"end":{"line":98,"column":187}},{"start":{"line":98,"column":187},"end":{"line":98,"column":null}}],"line":98},"11":{"loc":{"start":{"line":99,"column":32},"end":{"line":99,"column":null}},"type":"cond-expr","locations":[{"start":{"line":99,"column":61},"end":{"line":99,"column":70}},{"start":{"line":99,"column":70},"end":{"line":99,"column":null}}],"line":99},"12":{"loc":{"start":{"line":105,"column":124},"end":{"line":105,"column":null}},"type":"cond-expr","locations":[{"start":{"line":105,"column":148},"end":{"line":105,"column":178}},{"start":{"line":105,"column":178},"end":{"line":105,"column":null}}],"line":105},"13":{"loc":{"start":{"line":106,"column":32},"end":{"line":106,"column":null}},"type":"cond-expr","locations":[{"start":{"line":106,"column":56},"end":{"line":106,"column":65}},{"start":{"line":106,"column":65},"end":{"line":106,"column":null}}],"line":106},"14":{"loc":{"start":{"line":112,"column":124},"end":{"line":112,"column":null}},"type":"cond-expr","locations":[{"start":{"line":112,"column":149},"end":{"line":112,"column":183}},{"start":{"line":112,"column":183},"end":{"line":112,"column":null}}],"line":112},"15":{"loc":{"start":{"line":113,"column":32},"end":{"line":113,"column":null}},"type":"cond-expr","locations":[{"start":{"line":113,"column":57},"end":{"line":113,"column":66}},{"start":{"line":113,"column":66},"end":{"line":113,"column":null}}],"line":113},"16":{"loc":{"start":{"line":136,"column":7},"end":{"line":150,"column":null}},"type":"binary-expr","locations":[{"start":{"line":136,"column":7},"end":{"line":136,"column":null}},{"start":{"line":137,"column":8},"end":{"line":150,"column":null}}],"line":136}},"s":{"0":3,"1":3,"2":3,"3":3,"4":2,"5":0,"6":2,"7":0,"8":2,"9":0,"10":2,"11":2,"12":2,"13":2,"14":2,"15":2,"16":2,"17":3,"18":0,"19":0,"20":0,"21":0,"22":0,"23":1,"24":0,"25":0,"26":0},"f":{"0":3,"1":2,"2":0,"3":0,"4":0,"5":2,"6":0,"7":0,"8":0,"9":0,"10":0,"11":1,"12":0,"13":0,"14":0},"b":{"0":[0,0],"1":[3,2],"2":[3,0],"3":[3,0],"4":[3,0],"5":[3,1],"6":[2,1],"7":[2,1],"8":[0,3],"9":[0,3],"10":[1,2],"11":[1,2],"12":[0,3],"13":[0,3],"14":[0,3],"15":[0,3],"16":[3,0]},"meta":{"lastBranch":17,"lastFunction":15,"lastStatement":27,"seen":{"f:12:9:12:15":0,"s:13:10:13:29":0,"s:14:25:14:61":1,"s:15:22:15:56":2,"s:17:2:31:Infinity":3,"f:17:2:17:18":1,"s:18:10:18:60":4,"f:18:10:18:37":2,"s:18:37:18:60":5,"s:19:10:19:61":6,"f:19:10:19:39":3,"s:19:39:19:61":7,"s:20:10:20:61":8,"f:20:10:20:39":4,"s:20:39:20:61":9,"s:22:4:22:Infinity":10,"s:23:4:23:Infinity":11,"s:24:4:24:Infinity":12,"s:26:4:29:Infinity":13,"f:26:4:26:17":5,"s:27:6:27:Infinity":14,"s:28:6:28:Infinity":15,"s:29:6:29:Infinity":16,"s:33:2:150:Infinity":17,"f:45:16:45:31":6,"s:45:31:45:53":18,"f:49:16:49:28":7,"s:49:34:49:77":19,"b:49:34:49:55:49:55:49:77":0,"f:55:79:55:94":8,"s:55:94:55:116":20,"b:68:13:68:39:68:39:68:Infinity":1,"b:69:13:69:39:69:39:69:Infinity":2,"b:70:13:70:38:70:38:70:Infinity":3,"b:71:13:71:44:71:44:71:Infinity":4,"b:72:13:72:43:72:43:72:Infinity":5,"f:83:18:83:33":9,"s:83:33:83:55":21,"b:84:149:84:183:84:183:84:Infinity":6,"b:85:57:85:66:85:66:85:Infinity":7,"f:90:18:90:33":10,"s:90:33:90:60":22,"b:91:154:91:184:91:184:91:Infinity":8,"b:92:62:92:71:92:71:92:Infinity":9,"f:97:18:97:33":11,"s:97:33:97:59":23,"b:98:153:98:187:98:187:98:Infinity":10,"b:99:61:99:70:99:70:99:Infinity":11,"f:104:18:104:33":12,"s:104:33:104:54":24,"b:105:148:105:178:105:178:105:Infinity":12,"b:106:56:106:65:106:65:106:Infinity":13,"f:111:18:111:33":13,"s:111:33:111:55":25,"b:112:149:112:183:112:183:112:Infinity":14,"b:113:57:113:66:113:66:113:Infinity":15,"b:136:7:136:Infinity:137:8:150:Infinity":16,"f:140:14:140:29":14,"s:140:29:140:53":26}}}
,"E:\\Election Assistant\\src\\components\\CalendarButton.jsx": {"path":"E:\\Election Assistant\\src\\components\\CalendarButton.jsx","statementMap":{"0":{"start":{"line":5,"column":6},"end":{"line":50,"column":null}},"1":{"start":{"line":6,"column":17},"end":{"line":6,"column":46}},"2":{"start":{"line":7,"column":19},"end":{"line":7,"column":46}},"3":{"start":{"line":9,"column":25},"end":{"line":24,"column":null}},"4":{"start":{"line":10,"column":4},"end":{"line":12,"column":null}},"5":{"start":{"line":11,"column":6},"end":{"line":11,"column":null}},"6":{"start":{"line":12,"column":6},"end":{"line":12,"column":null}},"7":{"start":{"line":15,"column":4},"end":{"line":15,"column":null}},"8":{"start":{"line":16,"column":19},"end":{"line":16,"column":78}},"9":{"start":{"line":18,"column":4},"end":{"line":24,"column":null}},"10":{"start":{"line":19,"column":6},"end":{"line":19,"column":null}},"11":{"start":{"line":20,"column":6},"end":{"line":20,"column":null}},"12":{"start":{"line":20,"column":23},"end":{"line":20,"column":40}},"13":{"start":{"line":22,"column":6},"end":{"line":22,"column":null}},"14":{"start":{"line":23,"column":6},"end":{"line":23,"column":null}},"15":{"start":{"line":24,"column":6},"end":{"line":24,"column":null}},"16":{"start":{"line":24,"column":23},"end":{"line":24,"column":40}},"17":{"start":{"line":28,"column":2},"end":{"line":50,"column":null}},"18":{"start":{"line":57,"column":0},"end":{"line":64,"column":null}}},"fnMap":{"0":{"name":"(anonymous_0)","decl":{"start":{"line":5,"column":6},"end":{"line":5,"column":24}},"loc":{"start":{"line":5,"column":58},"end":{"line":50,"column":null}},"line":5},"1":{"name":"(anonymous_1)","decl":{"start":{"line":9,"column":25},"end":{"line":9,"column":37}},"loc":{"start":{"line":9,"column":37},"end":{"line":24,"column":null}},"line":9},"2":{"name":"(anonymous_2)","decl":{"start":{"line":20,"column":6},"end":{"line":20,"column":23}},"loc":{"start":{"line":20,"column":23},"end":{"line":20,"column":40}},"line":20},"3":{"name":"(anonymous_3)","decl":{"start":{"line":24,"column":6},"end":{"line":24,"column":23}},"loc":{"start":{"line":24,"column":23},"end":{"line":24,"column":40}},"line":24}},"branchMap":{"0":{"loc":{"start":{"line":10,"column":4},"end":{"line":12,"column":null}},"type":"if","locations":[{"start":{"line":10,"column":4},"end":{"line":12,"column":null}},{"start":{},"end":{}}],"line":10},"1":{"loc":{"start":{"line":18,"column":4},"end":{"line":24,"column":null}},"type":"if","locations":[{"start":{"line":18,"column":4},"end":{"line":24,"column":null}},{"start":{"line":21,"column":11},"end":{"line":24,"column":null}}],"line":18},"2":{"loc":{"start":{"line":32,"column":18},"end":{"line":32,"column":null}},"type":"binary-expr","locations":[{"start":{"line":32,"column":18},"end":{"line":32,"column":42}},{"start":{"line":32,"column":42},"end":{"line":32,"column":null}}],"line":32},"3":{"loc":{"start":{"line":36,"column":9},"end":{"line":36,"column":null}},"type":"cond-expr","locations":[{"start":{"line":36,"column":32},"end":{"line":36,"column":46}},{"start":{"line":36,"column":46},"end":{"line":36,"column":null}}],"line":36},"4":{"loc":{"start":{"line":39,"column":7},"end":{"line":43,"column":null}},"type":"binary-expr","locations":[{"start":{"line":39,"column":7},"end":{"line":39,"column":null}},{"start":{"line":40,"column":8},"end":{"line":43,"column":null}}],"line":39},"5":{"loc":{"start":{"line":48,"column":7},"end":{"line":50,"column":null}},"type":"binary-expr","locations":[{"start":{"line":48,"column":7},"end":{"line":48,"column":null}},{"start":{"line":49,"column":8},"end":{"line":50,"column":null}}],"line":48}},"s":{"0":3,"1":0,"2":0,"3":0,"4":0,"5":0,"6":0,"7":0,"8":0,"9":0,"10":0,"11":0,"12":0,"13":0,"14":0,"15":0,"16":0,"17":0,"18":3},"f":{"0":0,"1":0,"2":0,"3":0},"b":{"0":[0,0],"1":[0,0],"2":[0,0],"3":[0,0],"4":[0,0],"5":[0,0]},"meta":{"lastBranch":6,"lastFunction":4,"lastStatement":19,"seen":{"s:5:6:50:Infinity":0,"f:5:6:5:24":0,"s:6:17:6:46":1,"s:7:19:7:46":2,"s:9:25:24:Infinity":3,"f:9:25:9:37":1,"b:10:4:12:Infinity:undefined:undefined:undefined:undefined":0,"s:10:4:12:Infinity":4,"s:11:6:11:Infinity":5,"s:12:6:12:Infinity":6,"s:15:4:15:Infinity":7,"s:16:19:16:78":8,"b:18:4:24:Infinity:21:11:24:Infinity":1,"s:18:4:24:Infinity":9,"s:19:6:19:Infinity":10,"s:20:6:20:Infinity":11,"f:20:6:20:23":2,"s:20:23:20:40":12,"s:22:6:22:Infinity":13,"s:23:6:23:Infinity":14,"s:24:6:24:Infinity":15,"f:24:6:24:23":3,"s:24:23:24:40":16,"s:28:2:50:Infinity":17,"b:32:18:32:42:32:42:32:Infinity":2,"b:36:32:36:46:36:46:36:Infinity":3,"b:39:7:39:Infinity:40:8:43:Infinity":4,"b:48:7:48:Infinity:49:8:50:Infinity":5,"s:57:0:64:Infinity":18}}}
,"E:\\Election Assistant\\src\\components\\ChatWindow.jsx": {"path":"E:\\Election Assistant\\src\\components\\ChatWindow.jsx","statementMap":{"0":{"start":{"line":9,"column":6},"end":{"line":223,"column":null}},"1":{"start":{"line":10,"column":10},"end":{"line":10,"column":36}},"2":{"start":{"line":11,"column":10},"end":{"line":11,"column":35}},"3":{"start":{"line":12,"column":26},"end":{"line":16,"column":null}},"4":{"start":{"line":18,"column":19},"end":{"line":28,"column":null}},"5":{"start":{"line":19,"column":18},"end":{"line":19,"column":63}},"6":{"start":{"line":20,"column":4},"end":{"line":24,"column":null}},"7":{"start":{"line":21,"column":6},"end":{"line":24,"column":null}},"8":{"start":{"line":22,"column":8},"end":{"line":22,"column":null}},"9":{"start":{"line":24,"column":8},"end":{"line":24,"column":null}},"10":{"start":{"line":27,"column":4},"end":{"line":27,"column":null}},"11":{"start":{"line":30,"column":16},"end":{"line":30,"column":40}},"12":{"start":{"line":31,"column":20},"end":{"line":31,"column":51}},"13":{"start":{"line":32,"column":8},"end":{"line":32,"column":36}},"14":{"start":{"line":33,"column":8},"end":{"line":33,"column":37}},"15":{"start":{"line":35,"column":8},"end":{"line":36,"column":null}},"16":{"start":{"line":36,"column":4},"end":{"line":36,"column":null}},"17":{"start":{"line":39,"column":2},"end":{"line":42,"column":null}},"18":{"start":{"line":40,"column":4},"end":{"line":40,"column":null}},"19":{"start":{"line":41,"column":4},"end":{"line":41,"column":null}},"20":{"start":{"line":44,"column":8},"end":{"line":46,"column":null}},"21":{"start":{"line":45,"column":4},"end":{"line":45,"column":null}},"22":{"start":{"line":46,"column":4},"end":{"line":46,"column":null}},"23":{"start":{"line":49,"column":21},"end":{"line":78,"column":null}},"24":{"start":{"line":50,"column":4},"end":{"line":50,"column":null}},"25":{"start":{"line":50,"column":30},"end":{"line":50,"column":null}},"26":{"start":{"line":52,"column":23},"end":{"line":52,"column":null}},"27":{"start":{"line":53,"column":4},"end":{"line":53,"column":null}},"28":{"start":{"line":53,"column":28},"end":{"line":53,"column":null}},"29":{"start":{"line":55,"column":4},"end":{"line":55,"column":null}},"30":{"start":{"line":56,"column":21},"end":{"line":56,"column":38}},"31":{"start":{"line":57,"column":27},"end":{"line":57,"column":null}},"32":{"start":{"line":59,"column":4},"end":{"line":59,"column":null}},"33":{"start":{"line":59,"column":24},"end":{"line":59,"column":49}},"34":{"start":{"line":60,"column":4},"end":{"line":60,"column":null}},"35":{"start":{"line":61,"column":4},"end":{"line":61,"column":null}},"36":{"start":{"line":63,"column":4},"end":{"line":78,"column":null}},"37":{"start":{"line":64,"column":30},"end":{"line":70,"column":null}},"38":{"start":{"line":71,"column":26},"end":{"line":71,"column":null}},"39":{"start":{"line":73,"column":27},"end":{"line":73,"column":77}},"40":{"start":{"line":75,"column":6},"end":{"line":75,"column":null}},"41":{"start":{"line":75,"column":26},"end":{"line":75,"column":94}},"42":{"start":{"line":77,"column":6},"end":{"line":77,"column":null}},"43":{"start":{"line":78,"column":6},"end":{"line":78,"column":null}},"44":{"start":{"line":82,"column":2},"end":{"line":92,"column":null}},"45":{"start":{"line":83,"column":10},"end":{"line":86,"column":null}},"46":{"start":{"line":84,"column":20},"end":{"line":84,"column":null}},"47":{"start":{"line":85,"column":6},"end":{"line":86,"column":null}},"48":{"start":{"line":86,"column":8},"end":{"line":86,"column":null}},"49":{"start":{"line":90,"column":4},"end":{"line":90,"column":null}},"50":{"start":{"line":91,"column":4},"end":{"line":91,"column":null}},"51":{"start":{"line":91,"column":17},"end":{"line":91,"column":83}},"52":{"start":{"line":94,"column":8},"end":{"line":95,"column":null}},"53":{"start":{"line":95,"column":4},"end":{"line":95,"column":null}},"54":{"start":{"line":98,"column":8},"end":{"line":153,"column":null}},"55":{"start":{"line":99,"column":4},"end":{"line":99,"column":null}},"56":{"start":{"line":99,"column":33},"end":{"line":99,"column":null}},"57":{"start":{"line":100,"column":17},"end":{"line":100,"column":43}},"58":{"start":{"line":101,"column":20},"end":{"line":101,"column":22}},"59":{"start":{"line":103,"column":22},"end":{"line":103,"column":156}},"60":{"start":{"line":104,"column":25},"end":{"line":104,"column":81}},"61":{"start":{"line":106,"column":4},"end":{"line":119,"column":null}},"62":{"start":{"line":107,"column":28},"end":{"line":107,"column":null}},"63":{"start":{"line":108,"column":6},"end":{"line":119,"column":null}},"64":{"start":{"line":122,"column":4},"end":{"line":131,"column":null}},"65":{"start":{"line":123,"column":6},"end":{"line":131,"column":null}},"66":{"start":{"line":126,"column":25},"end":{"line":126,"column":83}},"67":{"start":{"line":134,"column":4},"end":{"line":145,"column":null}},"68":{"start":{"line":135,"column":6},"end":{"line":145,"column":null}},"69":{"start":{"line":148,"column":4},"end":{"line":148,"column":null}},"70":{"start":{"line":148,"column":30},"end":{"line":148,"column":null}},"71":{"start":{"line":150,"column":4},"end":{"line":153,"column":null}},"72":{"start":{"line":157,"column":2},"end":{"line":223,"column":null}},"73":{"start":{"line":180,"column":10},"end":{"line":183,"column":null}},"74":{"start":{"line":207,"column":29},"end":{"line":207,"column":53}},"75":{"start":{"line":208,"column":31},"end":{"line":208,"column":64}},"76":{"start":{"line":215,"column":27},"end":{"line":215,"column":39}}},"fnMap":{"0":{"name":"(anonymous_0)","decl":{"start":{"line":9,"column":6},"end":{"line":9,"column":25}},"loc":{"start":{"line":9,"column":25},"end":{"line":223,"column":null}},"line":9},"1":{"name":"(anonymous_1)","decl":{"start":{"line":18,"column":34},"end":{"line":18,"column":49}},"loc":{"start":{"line":18,"column":49},"end":{"line":28,"column":null}},"line":18},"2":{"name":"(anonymous_2)","decl":{"start":{"line":35,"column":8},"end":{"line":35,"column":31}},"loc":{"start":{"line":35,"column":31},"end":{"line":36,"column":null}},"line":35},"3":{"name":"(anonymous_3)","decl":{"start":{"line":39,"column":2},"end":{"line":39,"column":18}},"loc":{"start":{"line":39,"column":18},"end":{"line":42,"column":6}},"line":39},"4":{"name":"(anonymous_4)","decl":{"start":{"line":44,"column":8},"end":{"line":44,"column":28}},"loc":{"start":{"line":44,"column":28},"end":{"line":46,"column":null}},"line":44},"5":{"name":"(anonymous_5)","decl":{"start":{"line":49,"column":21},"end":{"line":49,"column":28}},"loc":{"start":{"line":49,"column":50},"end":{"line":78,"column":null}},"line":49},"6":{"name":"(anonymous_6)","decl":{"start":{"line":59,"column":4},"end":{"line":59,"column":16}},"loc":{"start":{"line":59,"column":24},"end":{"line":59,"column":49}},"line":59},"7":{"name":"(anonymous_7)","decl":{"start":{"line":75,"column":6},"end":{"line":75,"column":18}},"loc":{"start":{"line":75,"column":26},"end":{"line":75,"column":94}},"line":75},"8":{"name":"(anonymous_8)","decl":{"start":{"line":82,"column":2},"end":{"line":82,"column":18}},"loc":{"start":{"line":82,"column":18},"end":{"line":92,"column":6}},"line":82},"9":{"name":"(anonymous_9)","decl":{"start":{"line":83,"column":10},"end":{"line":83,"column":34}},"loc":{"start":{"line":83,"column":40},"end":{"line":86,"column":null}},"line":83},"10":{"name":"(anonymous_10)","decl":{"start":{"line":91,"column":4},"end":{"line":91,"column":17}},"loc":{"start":{"line":91,"column":17},"end":{"line":91,"column":83}},"line":91},"11":{"name":"(anonymous_11)","decl":{"start":{"line":94,"column":8},"end":{"line":94,"column":27}},"loc":{"start":{"line":94,"column":36},"end":{"line":95,"column":null}},"line":94},"12":{"name":"(anonymous_12)","decl":{"start":{"line":98,"column":8},"end":{"line":98,"column":31}},"loc":{"start":{"line":98,"column":56},"end":{"line":153,"column":null}},"line":98},"13":{"name":"(anonymous_13)","decl":{"start":{"line":126,"column":10},"end":{"line":126,"column":25}},"loc":{"start":{"line":126,"column":25},"end":{"line":126,"column":83}},"line":126},"14":{"name":"(anonymous_14)","decl":{"start":{"line":179,"column":18},"end":{"line":179,"column":22}},"loc":{"start":{"line":180,"column":10},"end":{"line":183,"column":null}},"line":180},"15":{"name":"(anonymous_15)","decl":{"start":{"line":207,"column":12},"end":{"line":207,"column":23}},"loc":{"start":{"line":207,"column":29},"end":{"line":207,"column":53}},"line":207},"16":{"name":"(anonymous_16)","decl":{"start":{"line":208,"column":12},"end":{"line":208,"column":25}},"loc":{"start":{"line":208,"column":31},"end":{"line":208,"column":64}},"line":208},"17":{"name":"(anonymous_17)","decl":{"start":{"line":215,"column":12},"end":{"line":215,"column":27}},"loc":{"start":{"line":215,"column":27},"end":{"line":215,"column":39}},"line":215}},"branchMap":{"0":{"loc":{"start":{"line":20,"column":4},"end":{"line":24,"column":null}},"type":"if","locations":[{"start":{"line":20,"column":4},"end":{"line":24,"column":null}},{"start":{},"end":{}}],"line":20},"1":{"loc":{"start":{"line":49,"column":28},"end":{"line":49,"column":50}},"type":"default-arg","locations":[{"start":{"line":49,"column":41},"end":{"line":49,"column":50}}],"line":49},"2":{"loc":{"start":{"line":50,"column":4},"end":{"line":50,"column":null}},"type":"if","locations":[{"start":{"line":50,"column":4},"end":{"line":50,"column":null}},{"start":{},"end":{}}],"line":50},"3":{"loc":{"start":{"line":52,"column":23},"end":{"line":52,"column":null}},"type":"cond-expr","locations":[{"start":{"line":52,"column":56},"end":{"line":52,"column":69}},{"start":{"line":52,"column":69},"end":{"line":52,"column":null}}],"line":52},"4":{"loc":{"start":{"line":53,"column":4},"end":{"line":53,"column":null}},"type":"if","locations":[{"start":{"line":53,"column":4},"end":{"line":53,"column":null}},{"start":{},"end":{}}],"line":53},"5":{"loc":{"start":{"line":71,"column":26},"end":{"line":71,"column":null}},"type":"cond-expr","locations":[{"start":{"line":71,"column":54},"end":{"line":71,"column":89}},{"start":{"line":71,"column":89},"end":{"line":71,"column":null}}],"line":71},"6":{"loc":{"start":{"line":85,"column":6},"end":{"line":86,"column":null}},"type":"if","locations":[{"start":{"line":85,"column":6},"end":{"line":86,"column":null}},{"start":{},"end":{}}],"line":85},"7":{"loc":{"start":{"line":99,"column":4},"end":{"line":99,"column":null}},"type":"if","locations":[{"start":{"line":99,"column":4},"end":{"line":99,"column":null}},{"start":{},"end":{}}],"line":99},"8":{"loc":{"start":{"line":99,"column":8},"end":{"line":99,"column":33}},"type":"binary-expr","locations":[{"start":{"line":99,"column":8},"end":{"line":99,"column":18}},{"start":{"line":99,"column":18},"end":{"line":99,"column":33}}],"line":99},"9":{"loc":{"start":{"line":106,"column":4},"end":{"line":119,"column":null}},"type":"if","locations":[{"start":{"line":106,"column":4},"end":{"line":119,"column":null}},{"start":{},"end":{}}],"line":106},"10":{"loc":{"start":{"line":106,"column":8},"end":{"line":106,"column":35}},"type":"binary-expr","locations":[{"start":{"line":106,"column":8},"end":{"line":106,"column":21}},{"start":{"line":106,"column":21},"end":{"line":106,"column":35}}],"line":106},"11":{"loc":{"start":{"line":107,"column":28},"end":{"line":107,"column":null}},"type":"cond-expr","locations":[{"start":{"line":107,"column":40},"end":{"line":107,"column":55}},{"start":{"line":107,"column":55},"end":{"line":107,"column":null}}],"line":107},"12":{"loc":{"start":{"line":122,"column":4},"end":{"line":131,"column":null}},"type":"if","locations":[{"start":{"line":122,"column":4},"end":{"line":131,"column":null}},{"start":{},"end":{}}],"line":122},"13":{"loc":{"start":{"line":134,"column":4},"end":{"line":145,"column":null}},"type":"if","locations":[{"start":{"line":134,"column":4},"end":{"line":145,"column":null}},{"start":{},"end":{}}],"line":134},"14":{"loc":{"start":{"line":148,"column":4},"end":{"line":148,"column":null}},"type":"if","locations":[{"start":{"line":148,"column":4},"end":{"line":148,"column":null}},{"start":{},"end":{}}],"line":148},"15":{"loc":{"start":{"line":185,"column":9},"end":{"line":186,"column":null}},"type":"binary-expr","locations":[{"start":{"line":185,"column":9},"end":{"line":185,"column":null}},{"start":{"line":186,"column":10},"end":{"line":186,"column":null}}],"line":185},"16":{"loc":{"start":{"line":188,"column":9},"end":{"line":197,"column":null}},"type":"binary-expr","locations":[{"start":{"line":188,"column":9},"end":{"line":188,"column":null}},{"start":{"line":189,"column":10},"end":{"line":197,"column":null}}],"line":188},"17":{"loc":{"start":{"line":208,"column":31},"end":{"line":208,"column":64}},"type":"binary-expr","locations":[{"start":{"line":208,"column":31},"end":{"line":208,"column":52}},{"start":{"line":208,"column":52},"end":{"line":208,"column":64}}],"line":208},"18":{"loc":{"start":{"line":216,"column":22},"end":{"line":216,"column":48}},"type":"binary-expr","locations":[{"start":{"line":216,"column":22},"end":{"line":216,"column":35}},{"start":{"line":216,"column":35},"end":{"line":216,"column":48}}],"line":216}},"s":{"0":3,"1":6,"2":6,"3":6,"4":6,"5":3,"6":3,"7":0,"8":0,"9":0,"10":3,"11":6,"12":6,"13":6,"14":6,"15":6,"16":5,"17":6,"18":5,"19":5,"20":6,"21":0,"22":0,"23":6,"24":1,"25":0,"26":1,"27":1,"28":0,"29":1,"30":1,"31":1,"32":1,"33":1,"34":1,"35":1,"36":1,"37":1,"38":1,"39":1,"40":1,"41":1,"42":1,"43":1,"44":6,"45":3,"46":0,"47":0,"48":0,"49":3,"50":3,"51":3,"52":6,"53":0,"54":6,"55":9,"56":2,"57":7,"58":7,"59":7,"60":7,"61":7,"62":0,"63":0,"64":7,"65":6,"66":0,"67":7,"68":6,"69":7,"70":1,"71":6,"72":6,"73":9,"74":1,"75":0,"76":1},"f":{"0":6,"1":3,"2":5,"3":5,"4":0,"5":1,"6":1,"7":1,"8":3,"9":0,"10":3,"11":0,"12":9,"13":0,"14":9,"15":1,"16":0,"17":1},"b":{"0":[0,3],"1":[1],"2":[0,1],"3":[0,1],"4":[0,1],"5":[0,1],"6":[0,0],"7":[2,7],"8":[9,7],"9":[0,7],"10":[7,7],"11":[0,0],"12":[6,1],"13":[6,1],"14":[1,6],"15":[6,4],"16":[6,1],"17":[0,0],"18":[6,5]},"meta":{"lastBranch":19,"lastFunction":18,"lastStatement":77,"seen":{"s:9:6:223:Infinity":0,"f:9:6:9:25":0,"s:10:10:10:36":1,"s:11:10:11:35":2,"s:12:26:16:Infinity":3,"s:18:19:28:Infinity":4,"f:18:34:18:49":1,"s:19:18:19:63":5,"b:20:4:24:Infinity:undefined:undefined:undefined:undefined":0,"s:20:4:24:Infinity":6,"s:21:6:24:Infinity":7,"s:22:8:22:Infinity":8,"s:24:8:24:Infinity":9,"s:27:4:27:Infinity":10,"s:30:16:30:40":11,"s:31:20:31:51":12,"s:32:8:32:36":13,"s:33:8:33:37":14,"s:35:8:36:Infinity":15,"f:35:8:35:31":2,"s:36:4:36:Infinity":16,"s:39:2:42:Infinity":17,"f:39:2:39:18":3,"s:40:4:40:Infinity":18,"s:41:4:41:Infinity":19,"s:44:8:46:Infinity":20,"f:44:8:44:28":4,"s:45:4:45:Infinity":21,"s:46:4:46:Infinity":22,"s:49:21:78:Infinity":23,"f:49:21:49:28":5,"b:49:41:49:50":1,"b:50:4:50:Infinity:undefined:undefined:undefined:undefined":2,"s:50:4:50:Infinity":24,"s:50:30:50:Infinity":25,"s:52:23:52:Infinity":26,"b:52:56:52:69:52:69:52:Infinity":3,"b:53:4:53:Infinity:undefined:undefined:undefined:undefined":4,"s:53:4:53:Infinity":27,"s:53:28:53:Infinity":28,"s:55:4:55:Infinity":29,"s:56:21:56:38":30,"s:57:27:57:Infinity":31,"s:59:4:59:Infinity":32,"f:59:4:59:16":6,"s:59:24:59:49":33,"s:60:4:60:Infinity":34,"s:61:4:61:Infinity":35,"s:63:4:78:Infinity":36,"s:64:30:70:Infinity":37,"s:71:26:71:Infinity":38,"b:71:54:71:89:71:89:71:Infinity":5,"s:73:27:73:77":39,"s:75:6:75:Infinity":40,"f:75:6:75:18":7,"s:75:26:75:94":41,"s:77:6:77:Infinity":42,"s:78:6:78:Infinity":43,"s:82:2:92:Infinity":44,"f:82:2:82:18":8,"s:83:10:86:Infinity":45,"f:83:10:83:34":9,"s:84:20:84:Infinity":46,"b:85:6:86:Infinity:undefined:undefined:undefined:undefined":6,"s:85:6:86:Infinity":47,"s:86:8:86:Infinity":48,"s:90:4:90:Infinity":49,"s:91:4:91:Infinity":50,"f:91:4:91:17":10,"s:91:17:91:83":51,"s:94:8:95:Infinity":52,"f:94:8:94:27":11,"s:95:4:95:Infinity":53,"s:98:8:153:Infinity":54,"f:98:8:98:31":12,"b:99:4:99:Infinity:undefined:undefined:undefined:undefined":7,"s:99:4:99:Infinity":55,"b:99:8:99:18:99:18:99:33":8,"s:99:33:99:Infinity":56,"s:100:17:100:43":57,"s:101:20:101:22":58,"s:103:22:103:156":59,"s:104:25:104:81":60,"b:106:4:119:Infinity:undefined:undefined:undefined:undefined":9,"s:106:4:119:Infinity":61,"b:106:8:106:21:106:21:106:35":10,"s:107:28:107:Infinity":62,"b:107:40:107:55:107:55:107:Infinity":11,"s:108:6:119:Infinity":63,"b:122:4:131:Infinity:undefined:undefined:undefined:undefined":12,"s:122:4:131:Infinity":64,"s:123:6:131:Infinity":65,"f:126:10:126:25":13,"s:126:25:126:83":66,"b:134:4:145:Infinity:undefined:undefined:undefined:undefined":13,"s:134:4:145:Infinity":67,"s:135:6:145:Infinity":68,"b:148:4:148:Infinity:undefined:undefined:undefined:undefined":14,"s:148:4:148:Infinity":69,"s:148:30:148:Infinity":70,"s:150:4:153:Infinity":71,"s:157:2:223:Infinity":72,"f:179:18:179:22":14,"s:180:10:183:Infinity":73,"b:185:9:185:Infinity:186:10:186:Infinity":15,"b:188:9:188:Infinity:189:10:197:Infinity":16,"f:207:12:207:23":15,"s:207:29:207:53":74,"f:208:12:208:25":16,"s:208:31:208:64":75,"b:208:31:208:52:208:52:208:64":17,"f:215:12:215:27":17,"s:215:27:215:39":76,"b:216:22:216:35:216:35:216:48":18}}}
,"E:\\Election Assistant\\src\\components\\ElectionTimeline.jsx": {"path":"E:\\Election Assistant\\src\\components\\ElectionTimeline.jsx","statementMap":{"0":{"start":{"line":3,"column":14},"end":{"line":15,"column":null}},"1":{"start":{"line":17,"column":6},"end":{"line":65,"column":null}},"2":{"start":{"line":18,"column":2},"end":{"line":65,"column":null}},"3":{"start":{"line":25,"column":23},"end":{"line":25,"column":null}},"4":{"start":{"line":26,"column":10},"end":{"line":26,"column":null}},"5":{"start":{"line":26,"column":39},"end":{"line":26,"column":null}},"6":{"start":{"line":27,"column":10},"end":{"line":27,"column":null}},"7":{"start":{"line":27,"column":41},"end":{"line":27,"column":null}},"8":{"start":{"line":29,"column":30},"end":{"line":29,"column":null}},"9":{"start":{"line":30,"column":28},"end":{"line":30,"column":null}},"10":{"start":{"line":32,"column":25},"end":{"line":32,"column":null}},"11":{"start":{"line":33,"column":26},"end":{"line":33,"column":null}},"12":{"start":{"line":34,"column":27},"end":{"line":34,"column":null}},"13":{"start":{"line":36,"column":10},"end":{"line":43,"column":null}},"14":{"start":{"line":37,"column":12},"end":{"line":37,"column":null}},"15":{"start":{"line":38,"column":12},"end":{"line":38,"column":null}},"16":{"start":{"line":39,"column":12},"end":{"line":39,"column":null}},"17":{"start":{"line":40,"column":21},"end":{"line":43,"column":null}},"18":{"start":{"line":41,"column":12},"end":{"line":41,"column":null}},"19":{"start":{"line":42,"column":12},"end":{"line":42,"column":null}},"20":{"start":{"line":43,"column":12},"end":{"line":43,"column":null}},"21":{"start":{"line":46,"column":10},"end":{"line":62,"column":null}},"22":{"start":{"line":70,"column":0},"end":{"line":72,"column":null}}},"fnMap":{"0":{"name":"(anonymous_0)","decl":{"start":{"line":17,"column":6},"end":{"line":17,"column":26}},"loc":{"start":{"line":17,"column":52},"end":{"line":65,"column":null}},"line":17},"1":{"name":"(anonymous_1)","decl":{"start":{"line":24,"column":15},"end":{"line":24,"column":20}},"loc":{"start":{"line":24,"column":29},"end":{"line":62,"column":null}},"line":24}},"branchMap":{"0":{"loc":{"start":{"line":17,"column":28},"end":{"line":17,"column":52}},"type":"default-arg","locations":[{"start":{"line":17,"column":44},"end":{"line":17,"column":52}}],"line":17},"1":{"loc":{"start":{"line":26,"column":10},"end":{"line":26,"column":null}},"type":"if","locations":[{"start":{"line":26,"column":10},"end":{"line":26,"column":null}},{"start":{},"end":{}}],"line":26},"2":{"loc":{"start":{"line":27,"column":10},"end":{"line":27,"column":null}},"type":"if","locations":[{"start":{"line":27,"column":10},"end":{"line":27,"column":null}},{"start":{},"end":{}}],"line":27},"3":{"loc":{"start":{"line":36,"column":10},"end":{"line":43,"column":null}},"type":"if","locations":[{"start":{"line":36,"column":10},"end":{"line":43,"column":null}},{"start":{"line":40,"column":21},"end":{"line":43,"column":null}}],"line":36},"4":{"loc":{"start":{"line":40,"column":21},"end":{"line":43,"column":null}},"type":"if","locations":[{"start":{"line":40,"column":21},"end":{"line":43,"column":null}},{"start":{},"end":{}}],"line":40},"5":{"loc":{"start":{"line":51,"column":66},"end":{"line":51,"column":null}},"type":"cond-expr","locations":[{"start":{"line":51,"column":78},"end":{"line":51,"column":130}},{"start":{"line":51,"column":130},"end":{"line":51,"column":null}}],"line":51}},"s":{"0":2,"1":2,"2":0,"3":0,"4":0,"5":0,"6":0,"7":0,"8":0,"9":0,"10":0,"11":0,"12":0,"13":0,"14":0,"15":0,"16":0,"17":0,"18":0,"19":0,"20":0,"21":0,"22":2},"f":{"0":0,"1":0},"b":{"0":[0],"1":[0,0],"2":[0,0],"3":[0,0],"4":[0,0],"5":[0,0]},"meta":{"lastBranch":6,"lastFunction":2,"lastStatement":23,"seen":{"s:3:14:15:Infinity":0,"s:17:6:65:Infinity":1,"f:17:6:17:26":0,"b:17:44:17:52":0,"s:18:2:65:Infinity":2,"f:24:15:24:20":1,"s:25:23:25:Infinity":3,"b:26:10:26:Infinity:undefined:undefined:undefined:undefined":1,"s:26:10:26:Infinity":4,"s:26:39:26:Infinity":5,"b:27:10:27:Infinity:undefined:undefined:undefined:undefined":2,"s:27:10:27:Infinity":6,"s:27:41:27:Infinity":7,"s:29:30:29:Infinity":8,"s:30:28:30:Infinity":9,"s:32:25:32:Infinity":10,"s:33:26:33:Infinity":11,"s:34:27:34:Infinity":12,"b:36:10:43:Infinity:40:21:43:Infinity":3,"s:36:10:43:Infinity":13,"s:37:12:37:Infinity":14,"s:38:12:38:Infinity":15,"s:39:12:39:Infinity":16,"b:40:21:43:Infinity:undefined:undefined:undefined:undefined":4,"s:40:21:43:Infinity":17,"s:41:12:41:Infinity":18,"s:42:12:42:Infinity":19,"s:43:12:43:Infinity":20,"s:46:10:62:Infinity":21,"b:51:78:51:130:51:130:51:Infinity":5,"s:70:0:72:Infinity":22}}}
,"E:\\Election Assistant\\src\\components\\LanguageSwitcher.jsx": {"path":"E:\\Election Assistant\\src\\components\\LanguageSwitcher.jsx","statementMap":{"0":{"start":{"line":4,"column":18},"end":{"line":10,"column":null}},"1":{"start":{"line":12,"column":6},"end":{"line":45,"column":null}},"2":{"start":{"line":13,"column":20},"end":{"line":13,"column":49}},"3":{"start":{"line":14,"column":22},"end":{"line":14,"column":55}},"4":{"start":{"line":16,"column":8},"end":{"line":20,"column":null}},"5":{"start":{"line":17,"column":4},"end":{"line":17,"column":null}},"6":{"start":{"line":18,"column":4},"end":{"line":20,"column":null}},"7":{"start":{"line":19,"column":6},"end":{"line":19,"column":null}},"8":{"start":{"line":20,"column":6},"end":{"line":20,"column":null}},"9":{"start":{"line":20,"column":23},"end":{"line":20,"column":44}},"10":{"start":{"line":24,"column":2},"end":{"line":45,"column":null}},"11":{"start":{"line":28,"column":10},"end":{"line":38,"column":null}},"12":{"start":{"line":30,"column":27},"end":{"line":30,"column":58}}},"fnMap":{"0":{"name":"(anonymous_0)","decl":{"start":{"line":12,"column":6},"end":{"line":12,"column":31}},"loc":{"start":{"line":12,"column":31},"end":{"line":45,"column":null}},"line":12},"1":{"name":"(anonymous_1)","decl":{"start":{"line":16,"column":8},"end":{"line":16,"column":32}},"loc":{"start":{"line":16,"column":41},"end":{"line":20,"column":null}},"line":16},"2":{"name":"(anonymous_2)","decl":{"start":{"line":20,"column":6},"end":{"line":20,"column":23}},"loc":{"start":{"line":20,"column":23},"end":{"line":20,"column":44}},"line":20},"3":{"name":"(anonymous_3)","decl":{"start":{"line":27,"column":19},"end":{"line":27,"column":24}},"loc":{"start":{"line":28,"column":10},"end":{"line":38,"column":null}},"line":28},"4":{"name":"(anonymous_4)","decl":{"start":{"line":30,"column":12},"end":{"line":30,"column":27}},"loc":{"start":{"line":30,"column":27},"end":{"line":30,"column":58}},"line":30}},"branchMap":{"0":{"loc":{"start":{"line":18,"column":4},"end":{"line":20,"column":null}},"type":"if","locations":[{"start":{"line":18,"column":4},"end":{"line":20,"column":null}},{"start":{},"end":{}}],"line":18},"1":{"loc":{"start":{"line":32,"column":14},"end":{"line":34,"column":null}},"type":"cond-expr","locations":[{"start":{"line":33,"column":18},"end":{"line":33,"column":null}},{"start":{"line":34,"column":18},"end":{"line":34,"column":null}}],"line":32},"2":{"loc":{"start":{"line":42,"column":7},"end":{"line":45,"column":null}},"type":"binary-expr","locations":[{"start":{"line":42,"column":7},"end":{"line":42,"column":null}},{"start":{"line":43,"column":8},"end":{"line":45,"column":null}}],"line":42}},"s":{"0":2,"1":2,"2":3,"3":3,"4":3,"5":0,"6":0,"7":0,"8":0,"9":0,"10":3,"11":15,"12":0},"f":{"0":3,"1":0,"2":0,"3":15,"4":0},"b":{"0":[0,0],"1":[3,12],"2":[3,0]},"meta":{"lastBranch":3,"lastFunction":5,"lastStatement":13,"seen":{"s:4:18:10:Infinity":0,"s:12:6:45:Infinity":1,"f:12:6:12:31":0,"s:13:20:13:49":2,"s:14:22:14:55":3,"s:16:8:20:Infinity":4,"f:16:8:16:32":1,"s:17:4:17:Infinity":5,"b:18:4:20:Infinity:undefined:undefined:undefined:undefined":0,"s:18:4:20:Infinity":6,"s:19:6:19:Infinity":7,"s:20:6:20:Infinity":8,"f:20:6:20:23":2,"s:20:23:20:44":9,"s:24:2:45:Infinity":10,"f:27:19:27:24":3,"s:28:10:38:Infinity":11,"f:30:12:30:27":4,"s:30:27:30:58":12,"b:33:18:33:Infinity:34:18:34:Infinity":1,"b:42:7:42:Infinity:43:8:45:Infinity":2}}}
,"E:\\Election Assistant\\src\\components\\LoginButton.jsx": {"path":"E:\\Election Assistant\\src\\components\\LoginButton.jsx","statementMap":{"0":{"start":{"line":6,"column":6},"end":{"line":70,"column":null}},"1":{"start":{"line":7,"column":16},"end":{"line":7,"column":44}},"2":{"start":{"line":8,"column":23},"end":{"line":8,"column":57}},"3":{"start":{"line":10,"column":22},"end":{"line":19,"column":null}},"4":{"start":{"line":11,"column":4},"end":{"line":19,"column":null}},"5":{"start":{"line":12,"column":21},"end":{"line":12,"column":45}},"6":{"start":{"line":13,"column":25},"end":{"line":13,"column":72}},"7":{"start":{"line":14,"column":6},"end":{"line":16,"column":null}},"8":{"start":{"line":15,"column":28},"end":{"line":15,"column":null}},"9":{"start":{"line":16,"column":8},"end":{"line":16,"column":null}},"10":{"start":{"line":19,"column":6},"end":{"line":19,"column":null}},"11":{"start":{"line":23,"column":23},"end":{"line":26,"column":null}},"12":{"start":{"line":24,"column":4},"end":{"line":24,"column":null}},"13":{"start":{"line":25,"column":4},"end":{"line":25,"column":null}},"14":{"start":{"line":26,"column":4},"end":{"line":26,"column":null}},"15":{"start":{"line":29,"column":2},"end":{"line":53,"column":null}},"16":{"start":{"line":30,"column":4},"end":{"line":53,"column":null}},"17":{"start":{"line":33,"column":25},"end":{"line":33,"column":55}},"18":{"start":{"line":60,"column":2},"end":{"line":70,"column":null}}},"fnMap":{"0":{"name":"(anonymous_0)","decl":{"start":{"line":6,"column":6},"end":{"line":6,"column":26}},"loc":{"start":{"line":6,"column":26},"end":{"line":70,"column":null}},"line":6},"1":{"name":"(anonymous_1)","decl":{"start":{"line":10,"column":22},"end":{"line":10,"column":34}},"loc":{"start":{"line":10,"column":34},"end":{"line":19,"column":null}},"line":10},"2":{"name":"(anonymous_2)","decl":{"start":{"line":23,"column":23},"end":{"line":23,"column":35}},"loc":{"start":{"line":23,"column":35},"end":{"line":26,"column":null}},"line":23},"3":{"name":"(anonymous_3)","decl":{"start":{"line":33,"column":10},"end":{"line":33,"column":25}},"loc":{"start":{"line":33,"column":25},"end":{"line":33,"column":55}},"line":33}},"branchMap":{"0":{"loc":{"start":{"line":14,"column":6},"end":{"line":16,"column":null}},"type":"if","locations":[{"start":{"line":14,"column":6},"end":{"line":16,"column":null}},{"start":{},"end":{}}],"line":14},"1":{"loc":{"start":{"line":29,"column":2},"end":{"line":53,"column":null}},"type":"if","locations":[{"start":{"line":29,"column":2},"end":{"line":53,"column":null}},{"start":{},"end":{}}],"line":29},"2":{"loc":{"start":{"line":41,"column":9},"end":{"line":53,"column":null}},"type":"binary-expr","locations":[{"start":{"line":41,"column":9},"end":{"line":41,"column":null}},{"start":{"line":42,"column":10},"end":{"line":53,"column":null}}],"line":41}},"s":{"0":3,"1":4,"2":4,"3":4,"4":0,"5":0,"6":0,"7":0,"8":0,"9":0,"10":0,"11":4,"12":0,"13":0,"14":0,"15":4,"16":0,"17":0,"18":4},"f":{"0":4,"1":0,"2":0,"3":0},"b":{"0":[0,0],"1":[0,4],"2":[0,0]},"meta":{"lastBranch":3,"lastFunction":4,"lastStatement":19,"seen":{"s:6:6:70:Infinity":0,"f:6:6:6:26":0,"s:7:16:7:44":1,"s:8:23:8:57":2,"s:10:22:19:Infinity":3,"f:10:22:10:34":1,"s:11:4:19:Infinity":4,"s:12:21:12:45":5,"s:13:25:13:72":6,"b:14:6:16:Infinity:undefined:undefined:undefined:undefined":0,"s:14:6:16:Infinity":7,"s:15:28:15:Infinity":8,"s:16:8:16:Infinity":9,"s:19:6:19:Infinity":10,"s:23:23:26:Infinity":11,"f:23:23:23:35":2,"s:24:4:24:Infinity":12,"s:25:4:25:Infinity":13,"s:26:4:26:Infinity":14,"b:29:2:53:Infinity:undefined:undefined:undefined:undefined":1,"s:29:2:53:Infinity":15,"s:30:4:53:Infinity":16,"f:33:10:33:25":3,"s:33:25:33:55":17,"b:41:9:41:Infinity:42:10:53:Infinity":2,"s:60:2:70:Infinity":18}}}
,"E:\\Election Assistant\\src\\components\\MessageBubble.jsx": {"path":"E:\\Election Assistant\\src\\components\\MessageBubble.jsx","statementMap":{"0":{"start":{"line":4,"column":6},"end":{"line":85,"column":null}},"1":{"start":{"line":5,"column":9},"end":{"line":6,"column":null}},"2":{"start":{"line":9,"column":8},"end":{"line":58,"column":null}},"3":{"start":{"line":10,"column":4},"end":{"line":10,"column":null}},"4":{"start":{"line":10,"column":15},"end":{"line":10,"column":null}},"5":{"start":{"line":11,"column":18},"end":{"line":11,"column":34}},"6":{"start":{"line":12,"column":4},"end":{"line":58,"column":null}},"7":{"start":{"line":14,"column":12},"end":{"line":21,"column":null}},"8":{"start":{"line":15,"column":26},"end":{"line":15,"column":53}},"9":{"start":{"line":16,"column":8},"end":{"line":21,"column":null}},"10":{"start":{"line":17,"column":10},"end":{"line":18,"column":null}},"11":{"start":{"line":18,"column":12},"end":{"line":18,"column":null}},"12":{"start":{"line":20,"column":10},"end":{"line":20,"column":null}},"13":{"start":{"line":24,"column":22},"end":{"line":24,"column":33}},"14":{"start":{"line":27,"column":6},"end":{"line":32,"column":null}},"15":{"start":{"line":28,"column":8},"end":{"line":32,"column":null}},"16":{"start":{"line":37,"column":6},"end":{"line":43,"column":null}},"17":{"start":{"line":38,"column":22},"end":{"line":38,"column":53}},"18":{"start":{"line":39,"column":8},"end":{"line":43,"column":null}},"19":{"start":{"line":48,"column":6},"end":{"line":49,"column":null}},"20":{"start":{"line":49,"column":8},"end":{"line":49,"column":null}},"21":{"start":{"line":53,"column":6},"end":{"line":56,"column":null}},"22":{"start":{"line":61,"column":2},"end":{"line":85,"column":null}},"23":{"start":{"line":91,"column":0},"end":{"line":95,"column":null}}},"fnMap":{"0":{"name":"(anonymous_0)","decl":{"start":{"line":4,"column":6},"end":{"line":4,"column":23}},"loc":{"start":{"line":4,"column":58},"end":{"line":85,"column":null}},"line":4},"1":{"name":"(anonymous_1)","decl":{"start":{"line":9,"column":8},"end":{"line":9,"column":25}},"loc":{"start":{"line":9,"column":34},"end":{"line":58,"column":null}},"line":9},"2":{"name":"(anonymous_2)","decl":{"start":{"line":12,"column":17},"end":{"line":12,"column":22}},"loc":{"start":{"line":12,"column":38},"end":{"line":58,"column":null}},"line":12},"3":{"name":"(anonymous_3)","decl":{"start":{"line":14,"column":12},"end":{"line":14,"column":27}},"loc":{"start":{"line":14,"column":35},"end":{"line":21,"column":null}},"line":14},"4":{"name":"(anonymous_4)","decl":{"start":{"line":16,"column":25},"end":{"line":16,"column":30}},"loc":{"start":{"line":16,"column":42},"end":{"line":21,"column":null}},"line":16}},"branchMap":{"0":{"loc":{"start":{"line":6,"column":4},"end":{"line":6,"column":90}},"type":"binary-expr","locations":[{"start":{"line":6,"column":4},"end":{"line":6,"column":17}},{"start":{"line":6,"column":17},"end":{"line":6,"column":90}}],"line":6},"1":{"loc":{"start":{"line":10,"column":4},"end":{"line":10,"column":null}},"type":"if","locations":[{"start":{"line":10,"column":4},"end":{"line":10,"column":null}},{"start":{},"end":{}}],"line":10},"2":{"loc":{"start":{"line":17,"column":10},"end":{"line":18,"column":null}},"type":"if","locations":[{"start":{"line":17,"column":10},"end":{"line":18,"column":null}},{"start":{},"end":{}}],"line":17},"3":{"loc":{"start":{"line":17,"column":14},"end":{"line":17,"column":58}},"type":"binary-expr","locations":[{"start":{"line":17,"column":14},"end":{"line":17,"column":35}},{"start":{"line":17,"column":39},"end":{"line":17,"column":58}}],"line":17},"4":{"loc":{"start":{"line":27,"column":6},"end":{"line":32,"column":null}},"type":"if","locations":[{"start":{"line":27,"column":6},"end":{"line":32,"column":null}},{"start":{},"end":{}}],"line":27},"5":{"loc":{"start":{"line":27,"column":10},"end":{"line":27,"column":62}},"type":"binary-expr","locations":[{"start":{"line":27,"column":10},"end":{"line":27,"column":34}},{"start":{"line":27,"column":38},"end":{"line":27,"column":62}}],"line":27},"6":{"loc":{"start":{"line":37,"column":6},"end":{"line":43,"column":null}},"type":"if","locations":[{"start":{"line":37,"column":6},"end":{"line":43,"column":null}},{"start":{},"end":{}}],"line":37},"7":{"loc":{"start":{"line":48,"column":6},"end":{"line":49,"column":null}},"type":"if","locations":[{"start":{"line":48,"column":6},"end":{"line":49,"column":null}},{"start":{},"end":{}}],"line":48},"8":{"loc":{"start":{"line":54,"column":39},"end":{"line":54,"column":null}},"type":"cond-expr","locations":[{"start":{"line":54,"column":51},"end":{"line":54,"column":60}},{"start":{"line":54,"column":60},"end":{"line":54,"column":null}}],"line":54},"9":{"loc":{"start":{"line":62,"column":28},"end":{"line":62,"column":69}},"type":"cond-expr","locations":[{"start":{"line":62,"column":37},"end":{"line":62,"column":53}},{"start":{"line":62,"column":53},"end":{"line":62,"column":69}}],"line":62},"10":{"loc":{"start":{"line":63,"column":7},"end":{"line":71,"column":7}},"type":"binary-expr","locations":[{"start":{"line":63,"column":7},"end":{"line":63,"column":null}},{"start":{"line":64,"column":8},"end":{"line":71,"column":7}}],"line":63},"11":{"loc":{"start":{"line":71,"column":39},"end":{"line":71,"column":76}},"type":"cond-expr","locations":[{"start":{"line":71,"column":48},"end":{"line":71,"column":62}},{"start":{"line":71,"column":62},"end":{"line":71,"column":76}}],"line":71},"12":{"loc":{"start":{"line":74,"column":12},"end":{"line":76,"column":null}},"type":"cond-expr","locations":[{"start":{"line":75,"column":16},"end":{"line":75,"column":null}},{"start":{"line":76,"column":16},"end":{"line":76,"column":null}}],"line":74}},"s":{"0":3,"1":9,"2":9,"3":9,"4":0,"5":9,"6":9,"7":9,"8":9,"9":9,"10":9,"11":0,"12":9,"13":9,"14":9,"15":0,"16":9,"17":0,"18":0,"19":9,"20":0,"21":9,"22":9,"23":3},"f":{"0":9,"1":9,"2":9,"3":9,"4":9},"b":{"0":[9,9],"1":[0,9],"2":[0,9],"3":[9,0],"4":[0,9],"5":[9,9],"6":[0,9],"7":[0,9],"8":[0,9],"9":[2,7],"10":[9,7],"11":[2,7],"12":[2,7]},"meta":{"lastBranch":13,"lastFunction":5,"lastStatement":24,"seen":{"s:4:6:85:Infinity":0,"f:4:6:4:23":0,"s:5:9:6:Infinity":1,"b:6:4:6:17:6:17:6:90":0,"s:9:8:58:Infinity":2,"f:9:8:9:25":1,"b:10:4:10:Infinity:undefined:undefined:undefined:undefined":1,"s:10:4:10:Infinity":3,"s:10:15:10:Infinity":4,"s:11:18:11:34":5,"s:12:4:58:Infinity":6,"f:12:17:12:22":2,"s:14:12:21:Infinity":7,"f:14:12:14:27":3,"s:15:26:15:53":8,"s:16:8:21:Infinity":9,"f:16:25:16:30":4,"b:17:10:18:Infinity:undefined:undefined:undefined:undefined":2,"s:17:10:18:Infinity":10,"b:17:14:17:35:17:39:17:58":3,"s:18:12:18:Infinity":11,"s:20:10:20:Infinity":12,"s:24:22:24:33":13,"b:27:6:32:Infinity:undefined:undefined:undefined:undefined":4,"s:27:6:32:Infinity":14,"b:27:10:27:34:27:38:27:62":5,"s:28:8:32:Infinity":15,"b:37:6:43:Infinity:undefined:undefined:undefined:undefined":6,"s:37:6:43:Infinity":16,"s:38:22:38:53":17,"s:39:8:43:Infinity":18,"b:48:6:49:Infinity:undefined:undefined:undefined:undefined":7,"s:48:6:49:Infinity":19,"s:49:8:49:Infinity":20,"s:53:6:56:Infinity":21,"b:54:51:54:60:54:60:54:Infinity":8,"s:61:2:85:Infinity":22,"b:62:37:62:53:62:53:62:69":9,"b:63:7:63:Infinity:64:8:71:7":10,"b:71:48:71:62:71:62:71:76":11,"b:75:16:75:Infinity:76:16:76:Infinity":12,"s:91:0:95:Infinity":23}}}
,"E:\\Election Assistant\\src\\components\\QuickChips.jsx": {"path":"E:\\Election Assistant\\src\\components\\QuickChips.jsx","statementMap":{"0":{"start":{"line":3,"column":6},"end":{"line":27,"column":null}},"1":{"start":{"line":4,"column":16},"end":{"line":13,"column":null}},"2":{"start":{"line":15,"column":2},"end":{"line":27,"column":null}},"3":{"start":{"line":18,"column":8},"end":{"line":25,"column":null}},"4":{"start":{"line":20,"column":25},"end":{"line":20,"column":42}},"5":{"start":{"line":31,"column":0},"end":{"line":33,"column":null}}},"fnMap":{"0":{"name":"(anonymous_0)","decl":{"start":{"line":3,"column":6},"end":{"line":3,"column":20}},"loc":{"start":{"line":3,"column":40},"end":{"line":27,"column":null}},"line":3},"1":{"name":"(anonymous_1)","decl":{"start":{"line":17,"column":13},"end":{"line":17,"column":18}},"loc":{"start":{"line":18,"column":8},"end":{"line":25,"column":null}},"line":18},"2":{"name":"(anonymous_2)","decl":{"start":{"line":20,"column":10},"end":{"line":20,"column":25}},"loc":{"start":{"line":20,"column":25},"end":{"line":20,"column":42}},"line":20}},"branchMap":{},"s":{"0":3,"1":4,"2":4,"3":32,"4":0,"5":3},"f":{"0":4,"1":32,"2":0},"b":{},"meta":{"lastBranch":0,"lastFunction":3,"lastStatement":6,"seen":{"s:3:6:27:Infinity":0,"f:3:6:3:20":0,"s:4:16:13:Infinity":1,"s:15:2:27:Infinity":2,"f:17:13:17:18":1,"s:18:8:25:Infinity":3,"f:20:10:20:25":2,"s:20:25:20:42":4,"s:31:0:33:Infinity":5}}}
,"E:\\Election Assistant\\src\\components\\Ballot\\EVMSimulator.jsx": {"path":"E:\\Election Assistant\\src\\components\\Ballot\\EVMSimulator.jsx","statementMap":{"0":{"start":{"line":3,"column":6},"end":{"line":86,"column":null}},"1":{"start":{"line":4,"column":28},"end":{"line":4,"column":66}},"2":{"start":{"line":5,"column":19},"end":{"line":5,"column":49}},"3":{"start":{"line":7,"column":8},"end":{"line":10,"column":null}},"4":{"start":{"line":8,"column":4},"end":{"line":8,"column":null}},"5":{"start":{"line":8,"column":18},"end":{"line":8,"column":null}},"6":{"start":{"line":9,"column":4},"end":{"line":9,"column":null}},"7":{"start":{"line":10,"column":4},"end":{"line":10,"column":null}},"8":{"start":{"line":14,"column":2},"end":{"line":86,"column":null}},"9":{"start":{"line":38,"column":12},"end":{"line":70,"column":null}},"10":{"start":{"line":64,"column":33},"end":{"line":64,"column":54}},"11":{"start":{"line":82,"column":29},"end":{"line":82,"column":49}},"12":{"start":{"line":82,"column":49},"end":{"line":82,"column":null}}},"fnMap":{"0":{"name":"(anonymous_0)","decl":{"start":{"line":3,"column":6},"end":{"line":3,"column":22}},"loc":{"start":{"line":3,"column":39},"end":{"line":86,"column":null}},"line":3},"1":{"name":"(anonymous_1)","decl":{"start":{"line":7,"column":8},"end":{"line":7,"column":22}},"loc":{"start":{"line":7,"column":36},"end":{"line":10,"column":null}},"line":7},"2":{"name":"(anonymous_2)","decl":{"start":{"line":37,"column":31},"end":{"line":37,"column":36}},"loc":{"start":{"line":38,"column":12},"end":{"line":70,"column":null}},"line":38},"3":{"name":"(anonymous_3)","decl":{"start":{"line":64,"column":18},"end":{"line":64,"column":33}},"loc":{"start":{"line":64,"column":33},"end":{"line":64,"column":54}},"line":64},"4":{"name":"(anonymous_4)","decl":{"start":{"line":82,"column":12},"end":{"line":82,"column":27}},"loc":{"start":{"line":82,"column":27},"end":{"line":82,"column":null}},"line":82}},"branchMap":{"0":{"loc":{"start":{"line":8,"column":4},"end":{"line":8,"column":null}},"type":"if","locations":[{"start":{"line":8,"column":4},"end":{"line":8,"column":null}},{"start":{},"end":{}}],"line":8},"1":{"loc":{"start":{"line":40,"column":93},"end":{"line":40,"column":null}},"type":"cond-expr","locations":[{"start":{"line":40,"column":134},"end":{"line":40,"column":149}},{"start":{"line":40,"column":149},"end":{"line":40,"column":null}}],"line":40},"2":{"loc":{"start":{"line":44,"column":17},"end":{"line":44,"column":null}},"type":"cond-expr","locations":[{"start":{"line":44,"column":47},"end":{"line":44,"column":78}},{"start":{"line":44,"column":78},"end":{"line":44,"column":null}}],"line":44},"3":{"loc":{"start":{"line":61,"column":93},"end":{"line":61,"column":211}},"type":"cond-expr","locations":[{"start":{"line":61,"column":134},"end":{"line":61,"column":187}},{"start":{"line":61,"column":187},"end":{"line":61,"column":211}}],"line":61},"4":{"loc":{"start":{"line":75,"column":7},"end":{"line":86,"column":null}},"type":"binary-expr","locations":[{"start":{"line":75,"column":7},"end":{"line":75,"column":null}},{"start":{"line":76,"column":8},"end":{"line":86,"column":null}}],"line":75}},"s":{"0":2,"1":0,"2":0,"3":0,"4":0,"5":0,"6":0,"7":0,"8":0,"9":0,"10":0,"11":0,"12":0},"f":{"0":0,"1":0,"2":0,"3":0,"4":0},"b":{"0":[0,0],"1":[0,0],"2":[0,0],"3":[0,0],"4":[0,0]},"meta":{"lastBranch":5,"lastFunction":5,"lastStatement":13,"seen":{"s:3:6:86:Infinity":0,"f:3:6:3:22":0,"s:4:28:4:66":1,"s:5:19:5:49":2,"s:7:8:10:Infinity":3,"f:7:8:7:22":1,"b:8:4:8:Infinity:undefined:undefined:undefined:undefined":0,"s:8:4:8:Infinity":4,"s:8:18:8:Infinity":5,"s:9:4:9:Infinity":6,"s:10:4:10:Infinity":7,"s:14:2:86:Infinity":8,"f:37:31:37:36":2,"s:38:12:70:Infinity":9,"b:40:134:40:149:40:149:40:Infinity":1,"b:44:47:44:78:44:78:44:Infinity":2,"b:61:134:61:187:61:187:61:211":3,"f:64:18:64:33":3,"s:64:33:64:54":10,"b:75:7:75:Infinity:76:8:86:Infinity":4,"f:82:12:82:27":4,"s:82:29:82:49":11,"s:82:49:82:Infinity":12}}}
,"E:\\Election Assistant\\src\\components\\Ballot\\VotingGuide.jsx": {"path":"E:\\Election Assistant\\src\\components\\Ballot\\VotingGuide.jsx","statementMap":{"0":{"start":{"line":5,"column":6},"end":{"line":84,"column":null}},"1":{"start":{"line":6,"column":27},"end":{"line":6,"column":64}},"2":{"start":{"line":8,"column":8},"end":{"line":12,"column":null}},"3":{"start":{"line":9,"column":21},"end":{"line":9,"column":64}},"4":{"start":{"line":9,"column":48},"end":{"line":9,"column":64}},"5":{"start":{"line":10,"column":4},"end":{"line":12,"column":null}},"6":{"start":{"line":11,"column":27},"end":{"line":11,"column":null}},"7":{"start":{"line":12,"column":6},"end":{"line":12,"column":null}},"8":{"start":{"line":16,"column":8},"end":{"line":17,"column":null}},"9":{"start":{"line":17,"column":4},"end":{"line":17,"column":null}},"10":{"start":{"line":20,"column":2},"end":{"line":29,"column":null}},"11":{"start":{"line":21,"column":4},"end":{"line":29,"column":null}},"12":{"start":{"line":24,"column":25},"end":{"line":24,"column":50}},"13":{"start":{"line":34,"column":2},"end":{"line":84,"column":null}},"14":{"start":{"line":46,"column":27},"end":{"line":46,"column":56}},"15":{"start":{"line":55,"column":27},"end":{"line":55,"column":59}}},"fnMap":{"0":{"name":"(anonymous_0)","decl":{"start":{"line":5,"column":6},"end":{"line":5,"column":26}},"loc":{"start":{"line":5,"column":26},"end":{"line":84,"column":null}},"line":5},"1":{"name":"(anonymous_1)","decl":{"start":{"line":8,"column":8},"end":{"line":8,"column":28}},"loc":{"start":{"line":8,"column":37},"end":{"line":12,"column":null}},"line":8},"2":{"name":"(anonymous_2)","decl":{"start":{"line":9,"column":36},"end":{"line":9,"column":43}},"loc":{"start":{"line":9,"column":48},"end":{"line":9,"column":64}},"line":9},"3":{"name":"(anonymous_3)","decl":{"start":{"line":16,"column":8},"end":{"line":16,"column":33}},"loc":{"start":{"line":16,"column":33},"end":{"line":17,"column":null}},"line":16},"4":{"name":"(anonymous_4)","decl":{"start":{"line":24,"column":10},"end":{"line":24,"column":25}},"loc":{"start":{"line":24,"column":25},"end":{"line":24,"column":50}},"line":24},"5":{"name":"(anonymous_5)","decl":{"start":{"line":46,"column":12},"end":{"line":46,"column":27}},"loc":{"start":{"line":46,"column":27},"end":{"line":46,"column":56}},"line":46},"6":{"name":"(anonymous_6)","decl":{"start":{"line":55,"column":12},"end":{"line":55,"column":27}},"loc":{"start":{"line":55,"column":27},"end":{"line":55,"column":59}},"line":55}},"branchMap":{"0":{"loc":{"start":{"line":10,"column":4},"end":{"line":12,"column":null}},"type":"if","locations":[{"start":{"line":10,"column":4},"end":{"line":12,"column":null}},{"start":{},"end":{}}],"line":10},"1":{"loc":{"start":{"line":20,"column":2},"end":{"line":29,"column":null}},"type":"if","locations":[{"start":{"line":20,"column":2},"end":{"line":29,"column":null}},{"start":{},"end":{}}],"line":20}},"s":{"0":2,"1":0,"2":0,"3":0,"4":0,"5":0,"6":0,"7":0,"8":0,"9":0,"10":0,"11":0,"12":0,"13":0,"14":0,"15":0},"f":{"0":0,"1":0,"2":0,"3":0,"4":0,"5":0,"6":0},"b":{"0":[0,0],"1":[0,0]},"meta":{"lastBranch":2,"lastFunction":7,"lastStatement":16,"seen":{"s:5:6:84:Infinity":0,"f:5:6:5:26":0,"s:6:27:6:64":1,"s:8:8:12:Infinity":2,"f:8:8:8:28":1,"s:9:21:9:64":3,"f:9:36:9:43":2,"s:9:48:9:64":4,"b:10:4:12:Infinity:undefined:undefined:undefined:undefined":0,"s:10:4:12:Infinity":5,"s:11:27:11:Infinity":6,"s:12:6:12:Infinity":7,"s:16:8:17:Infinity":8,"f:16:8:16:33":3,"s:17:4:17:Infinity":9,"b:20:2:29:Infinity:undefined:undefined:undefined:undefined":1,"s:20:2:29:Infinity":10,"s:21:4:29:Infinity":11,"f:24:10:24:25":4,"s:24:25:24:50":12,"s:34:2:84:Infinity":13,"f:46:12:46:27":5,"s:46:27:46:56":14,"f:55:12:55:27":6,"s:55:27:55:59":15}}}
,"E:\\Election Assistant\\src\\components\\Checklist\\VoterChecklist.jsx": {"path":"E:\\Election Assistant\\src\\components\\Checklist\\VoterChecklist.jsx","statementMap":{"0":{"start":{"line":4,"column":6},"end":{"line":250,"column":null}},"1":{"start":{"line":5,"column":23},"end":{"line":11,"column":null}},"2":{"start":{"line":6,"column":18},"end":{"line":6,"column":62}},"3":{"start":{"line":7,"column":4},"end":{"line":8,"column":null}},"4":{"start":{"line":8,"column":6},"end":{"line":8,"column":null}},"5":{"start":{"line":8,"column":12},"end":{"line":8,"column":46}},"6":{"start":{"line":8,"column":52},"end":{"line":8,"column":null}},"7":{"start":{"line":10,"column":4},"end":{"line":10,"column":null}},"8":{"start":{"line":13,"column":22},"end":{"line":13,"column":54}},"9":{"start":{"line":14,"column":23},"end":{"line":14,"column":57}},"10":{"start":{"line":15,"column":25},"end":{"line":15,"column":58}},"11":{"start":{"line":17,"column":2},"end":{"line":27,"column":null}},"12":{"start":{"line":18,"column":19},"end":{"line":18,"column":null}},"13":{"start":{"line":19,"column":19},"end":{"line":25,"column":7}},"14":{"start":{"line":19,"column":61},"end":{"line":25,"column":7}},"15":{"start":{"line":26,"column":4},"end":{"line":26,"column":null}},"16":{"start":{"line":29,"column":2},"end":{"line":39,"column":null}},"17":{"start":{"line":30,"column":4},"end":{"line":30,"column":null}},"18":{"start":{"line":31,"column":4},"end":{"line":36,"column":null}},"19":{"start":{"line":32,"column":24},"end":{"line":32,"column":68}},"20":{"start":{"line":32,"column":41},"end":{"line":32,"column":62}},"21":{"start":{"line":33,"column":24},"end":{"line":33,"column":70}},"22":{"start":{"line":33,"column":41},"end":{"line":33,"column":63}},"23":{"start":{"line":34,"column":6},"end":{"line":36,"column":null}},"24":{"start":{"line":35,"column":8},"end":{"line":35,"column":null}},"25":{"start":{"line":36,"column":8},"end":{"line":36,"column":null}},"26":{"start":{"line":41,"column":8},"end":{"line":49,"column":null}},"27":{"start":{"line":42,"column":4},"end":{"line":42,"column":null}},"28":{"start":{"line":43,"column":4},"end":{"line":49,"column":null}},"29":{"start":{"line":44,"column":6},"end":{"line":47,"column":null}},"30":{"start":{"line":45,"column":8},"end":{"line":45,"column":null}},"31":{"start":{"line":45,"column":32},"end":{"line":45,"column":null}},"32":{"start":{"line":46,"column":8},"end":{"line":46,"column":null}},"33":{"start":{"line":48,"column":6},"end":{"line":48,"column":null}},"34":{"start":{"line":52,"column":8},"end":{"line":54,"column":null}},"35":{"start":{"line":54,"column":4},"end":{"line":54,"column":null}},"36":{"start":{"line":57,"column":8},"end":{"line":59,"column":null}},"37":{"start":{"line":58,"column":4},"end":{"line":58,"column":null}},"38":{"start":{"line":59,"column":4},"end":{"line":59,"column":null}},"39":{"start":{"line":62,"column":8},"end":{"line":68,"column":null}},"40":{"start":{"line":63,"column":17},"end":{"line":63,"column":null}},"41":{"start":{"line":64,"column":4},"end":{"line":68,"column":null}},"42":{"start":{"line":65,"column":6},"end":{"line":65,"column":null}},"43":{"start":{"line":67,"column":6},"end":{"line":67,"column":null}},"44":{"start":{"line":68,"column":6},"end":{"line":68,"column":null}},"45":{"start":{"line":72,"column":31},"end":{"line":72,"column":75}},"46":{"start":{"line":73,"column":16},"end":{"line":73,"column":null}},"47":{"start":{"line":74,"column":20},"end":{"line":74,"column":null}},"48":{"start":{"line":75,"column":27},"end":{"line":75,"column":null}},"49":{"start":{"line":77,"column":2},"end":{"line":250,"column":null}},"50":{"start":{"line":83,"column":12},"end":{"line":94,"column":null}},"51":{"start":{"line":174,"column":29},"end":{"line":174,"column":59}},"52":{"start":{"line":175,"column":30},"end":{"line":175,"column":null}},"53":{"start":{"line":177,"column":10},"end":{"line":247,"column":null}},"54":{"start":{"line":195,"column":33},"end":{"line":195,"column":58}},"55":{"start":{"line":229,"column":41},"end":{"line":229,"column":77}},"56":{"start":{"line":236,"column":41},"end":{"line":236,"column":66}}},"fnMap":{"0":{"name":"(anonymous_0)","decl":{"start":{"line":4,"column":6},"end":{"line":4,"column":29}},"loc":{"start":{"line":4,"column":29},"end":{"line":250,"column":null}},"line":4},"1":{"name":"(anonymous_1)","decl":{"start":{"line":5,"column":42},"end":{"line":5,"column":57}},"loc":{"start":{"line":5,"column":57},"end":{"line":11,"column":null}},"line":5},"2":{"name":"(anonymous_2)","decl":{"start":{"line":17,"column":2},"end":{"line":17,"column":18}},"loc":{"start":{"line":17,"column":18},"end":{"line":27,"column":7}},"line":17},"3":{"name":"(anonymous_3)","decl":{"start":{"line":19,"column":46},"end":{"line":19,"column":51}},"loc":{"start":{"line":19,"column":61},"end":{"line":25,"column":7}},"line":19},"4":{"name":"(anonymous_4)","decl":{"start":{"line":29,"column":2},"end":{"line":29,"column":18}},"loc":{"start":{"line":29,"column":18},"end":{"line":39,"column":6}},"line":29},"5":{"name":"(anonymous_5)","decl":{"start":{"line":32,"column":24},"end":{"line":32,"column":41}},"loc":{"start":{"line":32,"column":41},"end":{"line":32,"column":62}},"line":32},"6":{"name":"(anonymous_6)","decl":{"start":{"line":33,"column":24},"end":{"line":33,"column":41}},"loc":{"start":{"line":33,"column":41},"end":{"line":33,"column":63}},"line":33},"7":{"name":"(anonymous_7)","decl":{"start":{"line":34,"column":6},"end":{"line":34,"column":19}},"loc":{"start":{"line":34,"column":19},"end":{"line":36,"column":null}},"line":34},"8":{"name":"(anonymous_8)","decl":{"start":{"line":41,"column":8},"end":{"line":41,"column":28}},"loc":{"start":{"line":41,"column":35},"end":{"line":49,"column":null}},"line":41},"9":{"name":"(anonymous_9)","decl":{"start":{"line":43,"column":4},"end":{"line":43,"column":21}},"loc":{"start":{"line":43,"column":21},"end":{"line":49,"column":11}},"line":43},"10":{"name":"(anonymous_10)","decl":{"start":{"line":44,"column":6},"end":{"line":44,"column":22}},"loc":{"start":{"line":44,"column":30},"end":{"line":47,"column":null}},"line":44},"11":{"name":"(anonymous_11)","decl":{"start":{"line":52,"column":8},"end":{"line":52,"column":27}},"loc":{"start":{"line":52,"column":37},"end":{"line":54,"column":null}},"line":52},"12":{"name":"(anonymous_12)","decl":{"start":{"line":57,"column":8},"end":{"line":57,"column":28}},"loc":{"start":{"line":57,"column":28},"end":{"line":59,"column":null}},"line":57},"13":{"name":"(anonymous_13)","decl":{"start":{"line":62,"column":8},"end":{"line":62,"column":28}},"loc":{"start":{"line":62,"column":28},"end":{"line":68,"column":null}},"line":62},"14":{"name":"(anonymous_14)","decl":{"start":{"line":82,"column":26},"end":{"line":82,"column":31}},"loc":{"start":{"line":83,"column":12},"end":{"line":94,"column":null}},"line":83},"15":{"name":"(anonymous_15)","decl":{"start":{"line":173,"column":25},"end":{"line":173,"column":30}},"loc":{"start":{"line":173,"column":39},"end":{"line":247,"column":null}},"line":173},"16":{"name":"(anonymous_16)","decl":{"start":{"line":195,"column":18},"end":{"line":195,"column":33}},"loc":{"start":{"line":195,"column":33},"end":{"line":195,"column":58}},"line":195},"17":{"name":"(anonymous_17)","decl":{"start":{"line":229,"column":26},"end":{"line":229,"column":41}},"loc":{"start":{"line":229,"column":41},"end":{"line":229,"column":77}},"line":229},"18":{"name":"(anonymous_18)","decl":{"start":{"line":236,"column":26},"end":{"line":236,"column":41}},"loc":{"start":{"line":236,"column":41},"end":{"line":236,"column":66}},"line":236}},"branchMap":{"0":{"loc":{"start":{"line":7,"column":4},"end":{"line":8,"column":null}},"type":"if","locations":[{"start":{"line":7,"column":4},"end":{"line":8,"column":null}},{"start":{},"end":{}}],"line":7},"1":{"loc":{"start":{"line":31,"column":4},"end":{"line":36,"column":null}},"type":"if","locations":[{"start":{"line":31,"column":4},"end":{"line":36,"column":null}},{"start":{},"end":{}}],"line":31},"2":{"loc":{"start":{"line":31,"column":8},"end":{"line":31,"column":83}},"type":"binary-expr","locations":[{"start":{"line":31,"column":8},"end":{"line":31,"column":58}},{"start":{"line":31,"column":58},"end":{"line":31,"column":83}}],"line":31},"3":{"loc":{"start":{"line":45,"column":8},"end":{"line":45,"column":null}},"type":"if","locations":[{"start":{"line":45,"column":8},"end":{"line":45,"column":null}},{"start":{},"end":{}}],"line":45},"4":{"loc":{"start":{"line":64,"column":4},"end":{"line":68,"column":null}},"type":"if","locations":[{"start":{"line":64,"column":4},"end":{"line":68,"column":null}},{"start":{"line":66,"column":11},"end":{"line":68,"column":null}}],"line":64},"5":{"loc":{"start":{"line":80,"column":7},"end":{"line":108,"column":null}},"type":"binary-expr","locations":[{"start":{"line":80,"column":7},"end":{"line":80,"column":null}},{"start":{"line":81,"column":8},"end":{"line":108,"column":null}}],"line":80},"6":{"loc":{"start":{"line":147,"column":7},"end":{"line":166,"column":null}},"type":"binary-expr","locations":[{"start":{"line":147,"column":7},"end":{"line":147,"column":null}},{"start":{"line":148,"column":8},"end":{"line":166,"column":null}}],"line":147},"7":{"loc":{"start":{"line":181,"column":16},"end":{"line":181,"column":null}},"type":"cond-expr","locations":[{"start":{"line":181,"column":30},"end":{"line":181,"column":69}},{"start":{"line":181,"column":69},"end":{"line":181,"column":null}}],"line":181},"8":{"loc":{"start":{"line":183,"column":16},"end":{"line":185,"column":null}},"type":"cond-expr","locations":[{"start":{"line":184,"column":20},"end":{"line":184,"column":null}},{"start":{"line":185,"column":20},"end":{"line":185,"column":null}}],"line":183},"9":{"loc":{"start":{"line":193,"column":30},"end":{"line":193,"column":null}},"type":"cond-expr","locations":[{"start":{"line":193,"column":43},"end":{"line":193,"column":72}},{"start":{"line":193,"column":72},"end":{"line":193,"column":null}}],"line":193},"10":{"loc":{"start":{"line":197,"column":20},"end":{"line":197,"column":null}},"type":"cond-expr","locations":[{"start":{"line":197,"column":33},"end":{"line":197,"column":76}},{"start":{"line":197,"column":76},"end":{"line":197,"column":null}}],"line":197},"11":{"loc":{"start":{"line":206,"column":78},"end":{"line":206,"column":null}},"type":"cond-expr","locations":[{"start":{"line":206,"column":91},"end":{"line":206,"column":123}},{"start":{"line":206,"column":123},"end":{"line":206,"column":null}}],"line":206},"12":{"loc":{"start":{"line":210,"column":52},"end":{"line":210,"column":null}},"type":"cond-expr","locations":[{"start":{"line":210,"column":65},"end":{"line":210,"column":84}},{"start":{"line":210,"column":84},"end":{"line":210,"column":null}}],"line":210},"13":{"loc":{"start":{"line":214,"column":19},"end":{"line":216,"column":null}},"type":"binary-expr","locations":[{"start":{"line":214,"column":19},"end":{"line":214,"column":null}},{"start":{"line":215,"column":20},"end":{"line":216,"column":null}}],"line":214},"14":{"loc":{"start":{"line":221,"column":21},"end":{"line":242,"column":null}},"type":"cond-expr","locations":[{"start":{"line":222,"column":22},"end":{"line":227,"column":null}},{"start":{"line":227,"column":22},"end":{"line":242,"column":null}}],"line":221}},"s":{"0":3,"1":5,"2":2,"3":2,"4":1,"5":1,"6":0,"7":1,"8":5,"9":5,"10":5,"11":5,"12":2,"13":2,"14":100,"15":2,"16":5,"17":2,"18":2,"19":0,"20":0,"21":0,"22":0,"23":0,"24":0,"25":0,"26":5,"27":1,"28":1,"29":0,"30":0,"31":0,"32":0,"33":0,"34":5,"35":0,"36":5,"37":0,"38":0,"39":5,"40":0,"41":0,"42":0,"43":0,"44":0,"45":5,"46":5,"47":5,"48":5,"49":5,"50":0,"51":35,"52":35,"53":35,"54":0,"55":0,"56":1},"f":{"0":5,"1":2,"2":2,"3":100,"4":2,"5":0,"6":0,"7":0,"8":1,"9":0,"10":0,"11":0,"12":0,"13":0,"14":0,"15":35,"16":0,"17":0,"18":1},"b":{"0":[1,1],"1":[0,2],"2":[2,0],"3":[0,0],"4":[0,0],"5":[5,0],"6":[5,0],"7":[1,34],"8":[0,35],"9":[0,35],"10":[0,35],"11":[0,35],"12":[0,35],"13":[35,35],"14":[0,35]},"meta":{"lastBranch":15,"lastFunction":19,"lastStatement":57,"seen":{"s:4:6:250:Infinity":0,"f:4:6:4:29":0,"s:5:23:11:Infinity":1,"f:5:42:5:57":1,"s:6:18:6:62":2,"b:7:4:8:Infinity:undefined:undefined:undefined:undefined":0,"s:7:4:8:Infinity":3,"s:8:6:8:Infinity":4,"s:8:12:8:46":5,"s:8:52:8:Infinity":6,"s:10:4:10:Infinity":7,"s:13:22:13:54":8,"s:14:23:14:57":9,"s:15:25:15:58":10,"s:17:2:27:Infinity":11,"f:17:2:17:18":2,"s:18:19:18:Infinity":12,"s:19:19:25:7":13,"f:19:46:19:51":3,"s:19:61:25:7":14,"s:26:4:26:Infinity":15,"s:29:2:39:Infinity":16,"f:29:2:29:18":4,"s:30:4:30:Infinity":17,"b:31:4:36:Infinity:undefined:undefined:undefined:undefined":1,"s:31:4:36:Infinity":18,"b:31:8:31:58:31:58:31:83":2,"s:32:24:32:68":19,"f:32:24:32:41":5,"s:32:41:32:62":20,"s:33:24:33:70":21,"f:33:24:33:41":6,"s:33:41:33:63":22,"s:34:6:36:Infinity":23,"f:34:6:34:19":7,"s:35:8:35:Infinity":24,"s:36:8:36:Infinity":25,"s:41:8:49:Infinity":26,"f:41:8:41:28":8,"s:42:4:42:Infinity":27,"s:43:4:49:Infinity":28,"f:43:4:43:21":9,"s:44:6:47:Infinity":29,"f:44:6:44:22":10,"b:45:8:45:Infinity:undefined:undefined:undefined:undefined":3,"s:45:8:45:Infinity":30,"s:45:32:45:Infinity":31,"s:46:8:46:Infinity":32,"s:48:6:48:Infinity":33,"s:52:8:54:Infinity":34,"f:52:8:52:27":11,"s:54:4:54:Infinity":35,"s:57:8:59:Infinity":36,"f:57:8:57:28":12,"s:58:4:58:Infinity":37,"s:59:4:59:Infinity":38,"s:62:8:68:Infinity":39,"f:62:8:62:28":13,"s:63:17:63:Infinity":40,"b:64:4:68:Infinity:66:11:68:Infinity":4,"s:64:4:68:Infinity":41,"s:65:6:65:Infinity":42,"s:67:6:67:Infinity":43,"s:68:6:68:Infinity":44,"s:72:31:72:75":45,"s:73:16:73:Infinity":46,"s:74:20:74:Infinity":47,"s:75:27:75:Infinity":48,"s:77:2:250:Infinity":49,"b:80:7:80:Infinity:81:8:108:Infinity":5,"f:82:26:82:31":14,"s:83:12:94:Infinity":50,"b:147:7:147:Infinity:148:8:166:Infinity":6,"f:173:25:173:30":15,"s:174:29:174:59":51,"s:175:30:175:Infinity":52,"s:177:10:247:Infinity":53,"b:181:30:181:69:181:69:181:Infinity":7,"b:184:20:184:Infinity:185:20:185:Infinity":8,"b:193:43:193:72:193:72:193:Infinity":9,"f:195:18:195:33":16,"s:195:33:195:58":54,"b:197:33:197:76:197:76:197:Infinity":10,"b:206:91:206:123:206:123:206:Infinity":11,"b:210:65:210:84:210:84:210:Infinity":12,"b:214:19:214:Infinity:215:20:216:Infinity":13,"b:222:22:227:Infinity:227:22:242:Infinity":14,"f:229:26:229:41":17,"s:229:41:229:77":55,"f:236:26:236:41":18,"s:236:41:236:66":56}}}
,"E:\\Election Assistant\\src\\components\\Quiz\\QuizInterface.jsx": {"path":"E:\\Election Assistant\\src\\components\\Quiz\\QuizInterface.jsx","statementMap":{"0":{"start":{"line":5,"column":6},"end":{"line":145,"column":null}},"1":{"start":{"line":6,"column":19},"end":{"line":6,"column":45}},"2":{"start":{"line":7,"column":25},"end":{"line":7,"column":60}},"3":{"start":{"line":8,"column":26},"end":{"line":8,"column":63}},"4":{"start":{"line":9,"column":16},"end":{"line":9,"column":39}},"5":{"start":{"line":10,"column":21},"end":{"line":10,"column":53}},"6":{"start":{"line":12,"column":8},"end":{"line":17,"column":null}},"7":{"start":{"line":13,"column":4},"end":{"line":13,"column":null}},"8":{"start":{"line":13,"column":25},"end":{"line":13,"column":null}},"9":{"start":{"line":14,"column":4},"end":{"line":14,"column":null}},"10":{"start":{"line":15,"column":4},"end":{"line":15,"column":null}},"11":{"start":{"line":16,"column":4},"end":{"line":17,"column":null}},"12":{"start":{"line":17,"column":6},"end":{"line":17,"column":null}},"13":{"start":{"line":17,"column":20},"end":{"line":17,"column":26}},"14":{"start":{"line":21,"column":8},"end":{"line":27,"column":null}},"15":{"start":{"line":22,"column":4},"end":{"line":27,"column":null}},"16":{"start":{"line":23,"column":6},"end":{"line":23,"column":null}},"17":{"start":{"line":23,"column":23},"end":{"line":23,"column":29}},"18":{"start":{"line":24,"column":6},"end":{"line":24,"column":null}},"19":{"start":{"line":25,"column":6},"end":{"line":25,"column":null}},"20":{"start":{"line":27,"column":6},"end":{"line":27,"column":null}},"21":{"start":{"line":31,"column":2},"end":{"line":49,"column":null}},"22":{"start":{"line":32,"column":17},"end":{"line":32,"column":null}},"23":{"start":{"line":33,"column":10},"end":{"line":33,"column":31}},"24":{"start":{"line":34,"column":10},"end":{"line":34,"column":71}},"25":{"start":{"line":36,"column":4},"end":{"line":49,"column":null}},"26":{"start":{"line":54,"column":12},"end":{"line":54,"column":null}},"27":{"start":{"line":55,"column":20},"end":{"line":55,"column":null}},"28":{"start":{"line":57,"column":2},"end":{"line":145,"column":null}},"29":{"start":{"line":84,"column":27},"end":{"line":84,"column":null}},"30":{"start":{"line":86,"column":12},"end":{"line":94,"column":null}},"31":{"start":{"line":87,"column":14},"end":{"line":87,"column":null}},"32":{"start":{"line":89,"column":14},"end":{"line":94,"column":null}},"33":{"start":{"line":90,"column":16},"end":{"line":90,"column":null}},"34":{"start":{"line":91,"column":25},"end":{"line":94,"column":null}},"35":{"start":{"line":92,"column":16},"end":{"line":92,"column":null}},"36":{"start":{"line":94,"column":16},"end":{"line":94,"column":null}},"37":{"start":{"line":98,"column":12},"end":{"line":110,"column":null}},"38":{"start":{"line":101,"column":31},"end":{"line":101,"column":52}}},"fnMap":{"0":{"name":"(anonymous_0)","decl":{"start":{"line":5,"column":6},"end":{"line":5,"column":23}},"loc":{"start":{"line":5,"column":56},"end":{"line":145,"column":null}},"line":5},"1":{"name":"(anonymous_1)","decl":{"start":{"line":12,"column":8},"end":{"line":12,"column":30}},"loc":{"start":{"line":12,"column":40},"end":{"line":17,"column":null}},"line":12},"2":{"name":"(anonymous_2)","decl":{"start":{"line":17,"column":6},"end":{"line":17,"column":15}},"loc":{"start":{"line":17,"column":20},"end":{"line":17,"column":26}},"line":17},"3":{"name":"(anonymous_3)","decl":{"start":{"line":21,"column":8},"end":{"line":21,"column":27}},"loc":{"start":{"line":21,"column":27},"end":{"line":27,"column":null}},"line":21},"4":{"name":"(anonymous_4)","decl":{"start":{"line":23,"column":6},"end":{"line":23,"column":18}},"loc":{"start":{"line":23,"column":23},"end":{"line":23,"column":29}},"line":23},"5":{"name":"(anonymous_5)","decl":{"start":{"line":83,"column":21},"end":{"line":83,"column":26}},"loc":{"start":{"line":83,"column":37},"end":{"line":110,"column":null}},"line":83},"6":{"name":"(anonymous_6)","decl":{"start":{"line":101,"column":16},"end":{"line":101,"column":31}},"loc":{"start":{"line":101,"column":31},"end":{"line":101,"column":52}},"line":101}},"branchMap":{"0":{"loc":{"start":{"line":13,"column":4},"end":{"line":13,"column":null}},"type":"if","locations":[{"sta
[...]
,"E:\\Election Assistant\\src\\services\\firebaseAuth.js": {"path":"E:\\Election Assistant\\src\\services\\firebaseAuth.js","statementMap":{"0":{"start":{"line":4,"column":23},"end":{"line":11,"column":null}},"1":{"start":{"line":13,"column":6},"end":{"line":13,"column":41}},"2":{"start":{"line":14,"column":13},"end":{"line":14,"column":32}},"3":{"start":{"line":15,"column":30},"end":{"line":15,"column":54}},"4":{"start":{"line":18,"column":0},"end":{"line":18,"column":null}},"5":{"start":{"line":19,"column":0},"end":{"line":19,"column":null}},"6":{"start":{"line":21,"column":32},"end":{"line":27,"column":null}},"7":{"start":{"line":22,"column":2},"end":{"line":27,"column":null}},"8":{"start":{"line":23,"column":19},"end":{"line":23,"column":62}},"9":{"start":{"line":24,"column":4},"end":{"line":24,"column":null}},"10":{"start":{"line":26,"column":4},"end":{"line":26,"column":null}},"11":{"start":{"line":27,"column":4},"end":{"line":27,"column":null}},"12":{"start":{"line":31,"column":22},"end":{"line":36,"column":null}},"13":{"start":{"line":32,"column":2},"end":{"line":36,"column":null}},"14":{"start":{"line":33,"column":4},"end":{"line":33,"column":null}},"15":{"start":{"line":35,"column":4},"end":{"line":35,"column":null}},"16":{"start":{"line":36,"column":4},"end":{"line":36,"column":null}}},"fnMap":{"0":{"name":"(anonymous_0)","decl":{"start":{"line":21,"column":32},"end":{"line":21,"column":44}},"loc":{"start":{"line":21,"column":44},"end":{"line":27,"column":null}},"line":21},"1":{"name":"(anonymous_1)","decl":{"start":{"line":31,"column":22},"end":{"line":31,"column":34}},"loc":{"start":{"line":31,"column":34},"end":{"line":36,"column":null}},"line":31}},"branchMap":{"0":{"loc":{"start":{"line":5,"column":10},"end":{"line":5,"column":null}},"type":"binary-expr","locations":[{"start":{"line":5,"column":10},"end":{"line":5,"column":51}},{"start":{"line":5,"column":51},"end":{"line":5,"column":null}}],"line":5},"1":{"loc":{"start":{"line":6,"column":14},"end":{"line":6,"column":null}},"type":"binary-expr","locations":[{"start":{"line":6,"column":14},"end":{"line":6,"column":59}},{"start":{"line":6,"column":59},"end":{"line":6,"column":null}}],"line":6},"2":{"loc":{"start":{"line":7,"column":13},"end":{"line":7,"column":null}},"type":"binary-expr","locations":[{"start":{"line":7,"column":13},"end":{"line":7,"column":57}},{"start":{"line":7,"column":57},"end":{"line":7,"column":null}}],"line":7},"3":{"loc":{"start":{"line":8,"column":17},"end":{"line":8,"column":null}},"type":"binary-expr","locations":[{"start":{"line":8,"column":17},"end":{"line":8,"column":65}},{"start":{"line":8,"column":65},"end":{"line":8,"column":null}}],"line":8},"4":{"loc":{"start":{"line":9,"column":21},"end":{"line":9,"column":null}},"type":"binary-expr","locations":[{"start":{"line":9,"column":21},"end":{"line":9,"column":74}},{"start":{"line":9,"column":74},"end":{"line":9,"column":null}}],"line":9},"5":{"loc":{"start":{"line":10,"column":9},"end":{"line":10,"column":null}},"type":"binary-expr","locations":[{"start":{"line":10,"column":9},"end":{"line":10,"column":49}},{"start":{"line":10,"column":49},"end":{"line":10,"column":null}}],"line":10}},"s":{"0":1,"1":1,"2":1,"3":1,"4":1,"5":1,"6":1,"7":0,"8":0,"9":0,"10":0,"11":0,"12":1,"13":0,"14":0,"15":0,"16":0},"f":{"0":0,"1":0},"b":{"0":[1,0],"1":[1,0],"2":[1,0],"3":[1,0],"4":[1,0],"5":[1,0]},"meta":{"lastBranch":6,"lastFunction":2,"lastStatement":17,"seen":{"s:4:23:11:Infinity":0,"b:5:10:5:51:5:51:5:Infinity":0,"b:6:14:6:59:6:59:6:Infinity":1,"b:7:13:7:57:7:57:7:Infinity":2,"b:8:17:8:65:8:65:8:Infinity":3,"b:9:21:9:74:9:74:9:Infinity":4,"b:10:9:10:49:10:49:10:Infinity":5,"s:13:6:13:41":1,"s:14:13:14:32":2,"s:15:30:15:54":3,"s:18:0:18:Infinity":4,"s:19:0:19:Infinity":5,"s:21:32:27:Infinity":6,"f:21:32:21:44":0,"s:22:2:27:Infinity":7,"s:23:19:23:62":8,"s:24:4:24:Infinity":9,"s:26:4:26:Infinity":10,"s:27:4:27:Infinity":11,"s:31:22:36:Infinity":12,"f:31:22:31:34":1,"s:32:2:36:Infinity":13,"s:33:4:33:Infinity":14,"s:35:4:35:Infinity":15,"s:36:4:36:Infinity":16}}}
,"E:\\Election Assistant\\src\\services\\geminiApi.js": {"path":"E:\\Election Assistant\\src\\services\\geminiApi.js","statementMap":{"0":{"start":{"line":3,"column":27},"end":{"line":3,"column":null}},"1":{"start":{"line":27,"column":26},"end":{"line":63,"column":null}},"2":{"start":{"line":28,"column":2},"end":{"line":63,"column":null}},"3":{"start":{"line":29,"column":19},"end":{"line":29,"column":null}},"4":{"start":{"line":30,"column":4},"end":{"line":31,"column":null}},"5":{"start":{"line":31,"column":6},"end":{"line":31,"column":null}},"6":{"start":{"line":34,"column":18},"end":{"line":34,"column":48}},"7":{"start":{"line":35,"column":18},"end":{"line":38,"column":6}},"8":{"start":{"line":43,"column":27},"end":{"line":46,"column":7}},"9":{"start":{"line":43,"column":53},"end":{"line":46,"column":7}},"10":{"start":{"line":49,"column":4},"end":{"line":50,"column":null}},"11":{"start":{"line":50,"column":6},"end":{"line":50,"column":null}},"12":{"start":{"line":53,"column":17},"end":{"line":55,"column":6}},"13":{"start":{"line":57,"column":19},"end":{"line":57,"column":54}},"14":{"start":{"line":58,"column":25},"end":{"line":58,"column":47}},"15":{"start":{"line":60,"column":4},"end":{"line":60,"column":null}},"16":{"start":{"line":62,"column":4},"end":{"line":62,"column":null}},"17":{"start":{"line":63,"column":4},"end":{"line":63,"column":null}}},"fnMap":{"0":{"name":"(anonymous_0)","decl":{"start":{"line":27,"column":26},"end":{"line":27,"column":33}},"loc":{"start":{"line":27,"column":62},"end":{"line":63,"column":null}},"line":27},"1":{"name":"(anonymous_1)","decl":{"start":{"line":43,"column":39},"end":{"line":43,"column":44}},"loc":{"start":{"line":43,"column":53},"end":{"line":46,"column":7}},"line":43}},"branchMap":{"0":{"loc":{"start":{"line":30,"column":4},"end":{"line":31,"column":null}},"type":"if","locations":[{"start":{"line":30,"column":4},"end":{"line":31,"column":null}},{"start":{},"end":{}}],"line":30},"1":{"loc":{"start":{"line":44,"column":12},"end":{"line":44,"column":null}},"type":"cond-expr","locations":[{"start":{"line":44,"column":25},"end":{"line":44,"column":34}},{"start":{"line":44,"column":34},"end":{"line":44,"column":null}}],"line":44},"2":{"loc":{"start":{"line":49,"column":4},"end":{"line":50,"column":null}},"type":"if","locations":[{"start":{"line":49,"column":4},"end":{"line":50,"column":null}},{"start":{},"end":{}}],"line":49},"3":{"loc":{"start":{"line":49,"column":8},"end":{"line":49,"column":77}},"type":"binary-expr","locations":[{"start":{"line":49,"column":8},"end":{"line":49,"column":39}},{"start":{"line":49,"column":39},"end":{"line":49,"column":77}}],"line":49}},"s":{"0":1,"1":1,"2":0,"3":0,"4":0,"5":0,"6":0,"7":0,"8":0,"9":0,"10":0,"11":0,"12":0,"13":0,"14":0,"15":0,"16":0,"17":0},"f":{"0":0,"1":0},"b":{"0":[0,0],"1":[0,0],"2":[0,0],"3":[0,0]},"meta":{"lastBranch":4,"lastFunction":2,"lastStatement":18,"seen":{"s:3:27:3:Infinity":0,"s:27:26:63:Infinity":1,"f:27:26:27:33":0,"s:28:2:63:Infinity":2,"s:29:19:29:Infinity":3,"b:30:4:31:Infinity:undefined:undefined:undefined:undefined":0,"s:30:4:31:Infinity":4,"s:31:6:31:Infinity":5,"s:34:18:34:48":6,"s:35:18:38:6":7,"s:43:27:46:7":8,"f:43:39:43:44":1,"s:43:53:46:7":9,"b:44:25:44:34:44:34:44:Infinity":1,"b:49:4:50:Infinity:undefined:undefined:undefined:undefined":2,"s:49:4:50:Infinity":10,"b:49:8:49:39:49:39:49:77":3,"s:50:6:50:Infinity":11,"s:53:17:55:6":12,"s:57:19:57:54":13,"s:58:25:58:47":14,"s:60:4:60:Infinity":15,"s:62:4:62:Infinity":16,"s:63:4:63:Infinity":17}}}
,"E:\\Election Assistant\\src\\services\\googleCalendar.js": {"path":"E:\\Election Assistant\\src\\services\\googleCalendar.js","statementMap":{"0":{"start":{"line":1,"column":42},"end":{"line":38,"column":null}},"1":{"start":{"line":2,"column":2},"end":{"line":2,"column":null}},"2":{"start":{"line":2,"column":20},"end":{"line":2,"column":null}},"3":{"start":{"line":4,"column":16},"end":{"line":20,"column":null}},"4":{"start":{"line":22,"column":2},"end":{"line":38,"column":null}},"5":{"start":{"line":23,"column":21},"end":{"line":30,"column":6}},"6":{"start":{"line":32,"column":4},"end":{"line":35,"column":null}},"7":{"start":{"line":33,"column":6},"end":{"line":33,"column":null}},"8":{"start":{"line":35,"column":6},"end":{"line":35,"column":null}},"9":{"start":{"line":38,"column":4},"end":{"line":38,"column":null}}},"fnMap":{"0":{"name":"(anonymous_0)","decl":{"start":{"line":1,"column":42},"end":{"line":1,"column":49}},"loc":{"start":{"line":1,"column":79},"end":{"line":38,"column":null}},"line":1}},"branchMap":{"0":{"loc":{"start":{"line":2,"column":2},"end":{"line":2,"column":null}},"type":"if","locations":[{"start":{"line":2,"column":2},"end":{"line":2,"column":null}},{"start":{},"end":{}}],"line":2},"1":{"loc":{"start":{"line":6,"column":17},"end":{"line":6,"column":null}},"type":"binary-expr","locations":[{"start":{"line":6,"column":17},"end":{"line":6,"column":45}},{"start":{"line":6,"column":45},"end":{"line":6,"column":null}}],"line":6},"2":{"loc":{"start":{"line":32,"column":4},"end":{"line":35,"column":null}},"type":"if","locations":[{"start":{"line":32,"column":4},"end":{"line":35,"column":null}},{"start":{"line":34,"column":11},"end":{"line":35,"column":null}}],"line":32}},"s":{"0":3,"1":0,"2":0,"3":0,"4":0,"5":0,"6":0,"7":0,"8":0,"9":0},"f":{"0":0},"b":{"0":[0,0],"1":[0,0],"2":[0,0]},"meta":{"lastBranch":3,"lastFunction":1,"lastStatement":10,"seen":{"s:1:42:38:Infinity":0,"f:1:42:1:49":0,"b:2:2:2:Infinity:undefined:undefined:undefined:undefined":0,"s:2:2:2:Infinity":1,"s:2:20:2:Infinity":2,"s:4:16:20:Infinity":3,"b:6:17:6:45:6:45:6:Infinity":1,"s:22:2:38:Infinity":4,"s:23:21:30:6":5,"b:32:4:35:Infinity:34:11:35:Infinity":2,"s:32:4:35:Infinity":6,"s:33:6:33:Infinity":7,"s:35:6:35:Infinity":8,"s:38:4:38:Infinity":9}}}
,"E:\\Election Assistant\\src\\utils\\quizUtils.js": {"path":"E:\\Election Assistant\\src\\utils\\quizUtils.js","statementMap":{"0":{"start":{"line":3,"column":13},"end":{"line":31,"column":null}},"1":{"start":{"line":4,"column":23},"end":{"line":4,"column":null}},"2":{"start":{"line":7,"column":19},"end":{"line":9,"column":59}},"3":{"start":{"line":9,"column":31},"end":{"line":9,"column":59}},"4":{"start":{"line":12,"column":19},"end":{"line":12,"column":64}},"5":{"start":{"line":12,"column":44},"end":{"line":12,"column":64}},"6":{"start":{"line":15,"column":19},"end":{"line":15,"column":43}},"7":{"start":{"line":19,"column":2},"end":{"line":31,"column":null}},"8":{"start":{"line":20,"column":29},"end":{"line":23,"column":7}},"9":{"start":{"line":20,"column":56},"end":{"line":23,"column":7}},"10":{"start":{"line":24,"column":28},"end":{"line":25,"column":38}},"11":{"start":{"line":25,"column":18},"end":{"line":25,"column":38}},"12":{"start":{"line":26,"column":4},"end":{"line":30,"column":null}},"13":{"start":{"line":28,"column":40},"end":{"line":28,"column":47}},"14":{"start":{"line":29,"column":51},"end":{"line":29,"column":null}},"15":{"start":{"line":35,"column":13},"end":{"line":43,"column":null}},"16":{"start":{"line":36,"column":15},"end":{"line":36,"column":null}},"17":{"start":{"line":37,"column":21},"end":{"line":37,"column":null}},"18":{"start":{"line":39,"column":2},"end":{"line":39,"column":null}},"19":{"start":{"line":39,"column":19},"end":{"line":39,"column":null}},"20":{"start":{"line":40,"column":2},"end":{"line":40,"column":null}},"21":{"start":{"line":40,"column":17},"end":{"line":40,"column":null}},"22":{"start":{"line":41,"column":2},"end":{"line":41,"column":null}},"23":{"start":{"line":41,"column":17},"end":{"line":41,"column":null}},"24":{"start":{"line":42,"column":2},"end":{"line":42,"column":null}},"25":{"start":{"line":42,"column":17},"end":{"line":42,"column":null}},"26":{"start":{"line":43,"column":2},"end":{"line":43,"column":null}},"27":{"start":{"line":47,"column":13},"end":{"line":51,"column":null}},"28":{"start":{"line":48,"column":2},"end":{"line":48,"column":null}},"29":{"start":{"line":48,"column":17},"end":{"line":48,"column":null}},"30":{"start":{"line":49,"column":2},"end":{"line":49,"column":null}},"31":{"start":{"line":49,"column":17},"end":{"line":49,"column":null}},"32":{"start":{"line":50,"column":2},"end":{"line":50,"column":null}},"33":{"start":{"line":50,"column":17},"end":{"line":50,"column":null}},"34":{"start":{"line":51,"column":2},"end":{"line":51,"column":null}}},"fnMap":{"0":{"name":"(anonymous_0)","decl":{"start":{"line":3,"column":13},"end":{"line":3,"column":26}},"loc":{"start":{"line":3,"column":55},"end":{"line":31,"column":null}},"line":3},"1":{"name":"(anonymous_1)","decl":{"start":{"line":9,"column":19},"end":{"line":9,"column":26}},"loc":{"start":{"line":9,"column":31},"end":{"line":9,"column":59}},"line":9},"2":{"name":"(anonymous_2)","decl":{"start":{"line":12,"column":33},"end":{"line":12,"column":44}},"loc":{"start":{"line":12,"column":44},"end":{"line":12,"column":64}},"line":12},"3":{"name":"(anonymous_3)","decl":{"start":{"line":19,"column":18},"end":{"line":19,"column":22}},"loc":{"start":{"line":19,"column":27},"end":{"line":31,"column":null}},"line":19},"4":{"name":"(anonymous_4)","decl":{"start":{"line":20,"column":39},"end":{"line":20,"column":44}},"loc":{"start":{"line":20,"column":56},"end":{"line":23,"column":7}},"line":20},"5":{"name":"(anonymous_5)","decl":{"start":{"line":25,"column":7},"end":{"line":25,"column":18}},"loc":{"start":{"line":25,"column":18},"end":{"line":25,"column":38}},"line":25},"6":{"name":"(anonymous_6)","decl":{"start":{"line":28,"column":31},"end":{"line":28,"column":35}},"loc":{"start":{"line":28,"column":40},"end":{"line":28,"column":47}},"line":28},"7":{"name":"(anonymous_7)","decl":{"start":{"line":29,"column":36},"end":{"line":29,"column":46}},"loc":{"start":{"line":29,"column":51},"end":{"line":29,"column":null}},"line":29},"8":{"name":"(anonymous_8)","decl":{"start":{"line":35,"column":13},"end":{"line":35,"column":35}},"loc":{"start":{"line":35,"column":59},"end":{"line":43,"column":null}},"line":35},"9":{"name":"(anonymous_9)","decl":{"start":{"line":47,"column":13},"end":{"line":47,"column":25}},"loc":{"start":{"line":47,"column":33},"end":{"line":51,"column":null}},"line":47}},"branchMap":{"0":{"loc":{"start":{"line":7,"column":19},"end":{"line":9,"column":59}},"type":"cond-expr","locations":[{"start":{"line":8,"column":6},"end":{"line":8,"column":null}},{"start":{"line":9,"column":6},"end":{"line":9,"column":59}}],"line":7},"1":{"loc":{"start":{"line":37,"column":21},"end":{"line":37,"column":null}},"type":"binary-expr","locations":[{"start":{"line":37,"column":21},"end":{"line":37,"column":48}},{"start":{"line":37,"column":48},"end":{"line":37,"column":null}}],"line":37},"2":{"loc":{"start":{"line":39,"column":2},"end":{"line":39,"column":null}},"type":"if","locations":[{"start":{"line":39,"column":2},"end":{"line":39,"column":null}},{"start":{},"end":{}}],"line":39},"3":{"loc":{"start":{"line":40,"column":2},"end":{"line":40,"column":null}},"type":"if","locations":[{"start":{"line":40,"column":2},"end":{"line":40,"column":null}},{"start":{},"end":{}}],"line":40},"4":{"loc":{"start":{"line":41,"column":2},"end":{"line":41,"column":null}},"type":"if","locations":[{"start":{"line":41,"column":2},"end":{"line":41,"column":null}},{"start":{},"end":{}}],"line":41},"5":{"loc":{"start":{"line":42,"column":2},"end":{"line":42,"column":null}},"type":"if","locations":[{"start":{"line":42,"column":2},"end":{"line":42,"column":null}},{"start":{},"end":{}}],"line":42},"6":{"loc":{"start":{"line":48,"column":2},"end":{"line":48,"column":null}},"type":"if","locations":[{"start":{"line":48,"column":2},"end":{"line":48,"column":null}},{"start":{},"end":{}}],"line":48},"7":{"loc":{"start":{"line":49,"column":2},"end":{"line":49,"column":null}},"type":"if","locations":[{"start":{"line":49,"column":2},"end":{"line":49,"column":null}},{"start":{},"end":{}}],"line":49},"8":{"loc":{"start":{"line":50,"column":2},"end":{"line":50,"column":null}},"type":"if","locations":[{"start":{"line":50,"column":2},"end":{"line":50,"column":null}},{"start":{},"end":{}}],"line":50}},"s":{"0":2,"1":0,"2":0,"3":0,"4":0,"5":0,"6":0,"7":0,"8":0,"9":0,"10":0,"11":0,"12":0,"13":0,"14":0,"15":2,"16":0,"17":0,"18":0,"19":0,"20":0,"21":0,"22":0,"23":0,"24":0,"25":0,"26":0,"27":2,"28":0,"29":0,"30":0,"31":0,"32":0,"33":0,"34":0},"f":{"0":0,"1":0,"2":0,"3":0,"4":0,"5":0,"6":0,"7":0,"8":0,"9":0},"b":{"0":[0,0],"1":[0,0],"2":[0,0],"3":[0,0],"4":[0,0],"5":[0,0],"6":[0,0],"7":[0,0],"8":[0,0]},"meta":{"lastBranch":9,"lastFunction":10,"lastStatement":35,"seen":{"s:3:13:31:Infinity":0,"f:3:13:3:26":0,"s:4:23:4:Infinity":1,"s:7:19:9:59":2,"b:8:6:8:Infinity:9:6:9:59":0,"f:9:19:9:26":1,"s:9:31:9:59":3,"s:12:19:12:64":4,"f:12:33:12:44":2,"s:12:44:12:64":5,"s:15:19:15:43":6,"s:19:2:31:Infinity":7,"f:19:18:19:22":3,"s:20:29:23:7":8,"f:20:39:20:44":4,"s:20:56:23:7":9,"s:24:28:25:38":10,"f:25:7:25:18":5,"s:25:18:25:38":11,"s:26:4:30:Infinity":12,"f:28:31:28:35":6,"s:28:40:28:47":13,"f:29:36:29:46":7,"s:29:51:29:Infinity":14,"s:35:13:43:Infinity":15,"f:35:13:35:35":8,"s:36:15:36:Infinity":16,"s:37:21:37:Infinity":17,"b:37:21:37:48:37:48:37:Infinity":1,"b:39:2:39:Infinity:undefined:undefined:undefined:undefined":2,"s:39:2:39:Infinity":18,"s:39:19:39:Infinity":19,"b:40:2:40:Infinity:undefined:undefined:undefined:undefined":3,"s:40:2:40:Infinity":20,"s:40:17:40:Infinity":21,"b:41:2:41:Infinity:undefined:undefined:undefined:undefined":4,"s:41:2:41:Infinity":22,"s:41:17:41:Infinity":23,"b:42:2:42:Infinity:undefined:undefined:undefined:undefined":5,"s:42:2:42:Infinity":24,"s:42:17:42:Infinity":25,"s:43:2:43:Infinity":26,"s:47:13:51:Infinity":27,"f:47:13:47:25":9,"b:48:2:48:Infinity:undefined:undefined:undefined:undefined":6,"s:48:2:48:Infinity":28,"s:48:17:48:Infinity":29,"b:49:2:49:Infinity:undefined:undefined:undefined:undefined":7,"s:49:2:49:Infinity":30,"s:49:17:49:Infinity":31,"b:50:2:50:Infinity:undefined:undefined:undefined:undefined":8,"s:50:2:50:Infinity":32,"s:50:17:50:Infinity":33,"s:51:2:51:Infinity":34}}}
}
